#
# A fatal error has been detected by the Java Runtime Environment:
#
#  EXCEPTION_ACCESS_VIOLATION (0xc0000005) at pc=0x00007ffca4132346, pid=18136, tid=10524
#
# JRE version: OpenJDK Runtime Environment (11.0.13) (build 11.0.13+0-b1751.21-8125866)
# Java VM: OpenJDK 64-Bit Server VM (11.0.13+0-b1751.21-8125866, mixed mode, tiered, compressed oops, g1 gc, windows-amd64)
# Problematic frame:
# V  [jvm.dll+0x192346]
#
# No core dump will be written. Minidumps are not enabled by default on client versions of Windows
#
# If you would like to submit a bug report, please visit:
#   https://bugreport.java.com/bugreport/crash.jsp
#

---------------  S U M M A R Y ------------

Command Line: --add-opens=java.base/java.util=ALL-UNNAMED --add-opens=java.base/java.lang=ALL-UNNAMED --add-opens=java.base/java.lang.invoke=ALL-UNNAMED --add-opens=java.base/java.util=ALL-UNNAMED --add-opens=java.prefs/java.util.prefs=ALL-UNNAMED --add-opens=java.prefs/java.util.prefs=ALL-UNNAMED --add-opens=java.base/java.nio.charset=ALL-UNNAMED --add-opens=java.base/java.net=ALL-UNNAMED --add-opens=java.base/java.util.concurrent.atomic=ALL-UNNAMED -Xmx2048m -Dfile.encoding=UTF-8 -Duser.country=US -Duser.language=en -Duser.variant org.gradle.launcher.daemon.bootstrap.GradleDaemon 7.4

Host: AMD Ryzen 7 4800H with Radeon Graphics         , 16 cores, 7G,  Windows 11 , 64 bit Build 22621 (10.0.22621.1485)
Time: Thu Apr 13 13:07:19 2023 Bangladesh Standard Time elapsed time: 23.397184 seconds (0d 0h 0m 23s)

---------------  T H R E A D  ---------------

Current thread (0x0000018bca036800):  GCTaskThread "GC Thread#8" [stack: 0x0000005f4aa00000,0x0000005f4ab00000] [id=10524]

Stack: [0x0000005f4aa00000,0x0000005f4ab00000],  sp=0x0000005f4aaff588,  free space=1021k
Native frames: (J=compiled Java code, j=interpreted, Vv=VM code, C=native code)
V  [jvm.dll+0x192346]


siginfo: EXCEPTION_ACCESS_VIOLATION (0xc0000005), reading address 0x00000002fa722a28


Register to memory mapping:

RIP=0x00007ffca4132346 jvm.dll
RAX=0x0000000000000001 is an unknown value
RBX=0x00000000876bf2b0 is pointing into object: java.util.LinkedList$Node 
{0x00000000876bf2a0} - klass: 'java/util/LinkedList$Node'
RCX=0x0000000088622ee0 is pointing into object: [B 
{0x0000000088622e88} - klass: {type array byte}
 - length: 100
RDX=0x0000000088622ee0 is pointing into object: [B 
{0x0000000088622e88} - klass: {type array byte}
 - length: 100
RSP=0x0000005f4aaff588 points into unknown readable memory: 0x00007ffca42aa34c | 4c a3 2a a4 fc 7f 00 00
RBP=0x4449525245564f24 is an unknown value
RSI=0x0000018bcb9fd110 points into unknown readable memory: 0x00007ffca47ed828 | 28 d8 7e a4 fc 7f 00 00
RDI=0x0000018bcb9fd110 points into unknown readable memory: 0x00007ffca47ed828 | 28 d8 7e a4 fc 7f 00 00
R8 =0x0000000088622ee0 is pointing into object: [B 
{0x0000000088622e88} - klass: {type array byte}
 - length: 100
R9 =0x00000002fa722a20 is an unknown value
R10=0x0000000088622ee0 is pointing into object: [B 
{0x0000000088622e88} - klass: {type array byte}
 - length: 100
R11=0x0000018bcb9fd280 points into unknown readable memory: 0x00007ffca47ed7e0 | e0 d7 7e a4 fc 7f 00 00
R12=0x0 is NULL
R13=0x0 is NULL
R14=0x0000018bab83b720 points into unknown readable memory: 0x00004604000057d0 | d0 57 00 00 04 46 00 00
R15=0x0000000088622ee0 is pointing into object: [B 
{0x0000000088622e88} - klass: {type array byte}
 - length: 100


Registers:
RAX=0x0000000000000001, RBX=0x00000000876bf2b0, RCX=0x0000000088622ee0, RDX=0x0000000088622ee0
RSP=0x0000005f4aaff588, RBP=0x4449525245564f24, RSI=0x0000018bcb9fd110, RDI=0x0000018bcb9fd110
R8 =0x0000000088622ee0, R9 =0x00000002fa722a20, R10=0x0000000088622ee0, R11=0x0000018bcb9fd280
R12=0x0000000000000000, R13=0x0000000000000000, R14=0x0000018bab83b720, R15=0x0000000088622ee0
RIP=0x00007ffca4132346, EFLAGS=0x0000000000010202

Top of Stack: (sp=0x0000005f4aaff588)
0x0000005f4aaff588:   00007ffca42aa34c 00000000876bf301
0x0000005f4aaff598:   0000000000000015 0000018bcb9fd110
0x0000005f4aaff5a8:   0000000000000011 0000000000000058
0x0000005f4aaff5b8:   0000005f4aaff630 0000000d00000002
0x0000005f4aaff5c8:   000000000000001d 0000000000000000
0x0000005f4aaff5d8:   0000018bcb9fd110 0000000000000000
0x0000005f4aaff5e8:   0000018bab83b720 0000000000000000
0x0000005f4aaff5f8:   0000018bcb9fd110 0000005f490fe950
0x0000005f4aaff608:   00007ffca427be62 0000018b00000000
0x0000005f4aaff618:   0000000000000001 0000000000000000
0x0000005f4aaff628:   00000000876bf2b0 0000018bab83b6a0
0x0000005f4aaff638:   00007ffca42a889b 00000000000057d0
0x0000005f4aaff648:   0000018bad992a70 0000018bcb9fd110
0x0000005f4aaff658:   0000005f4aaff6d0 0000018bad9e9b90
0x0000005f4aaff668:   0000000000000006 0000000000000000
0x0000005f4aaff678:   0000000000000000 0000000000000000 

Instructions: (pc=0x00007ffca4132346)
0x00007ffca4132246:   48 89 5c 24 20 e8 f0 00 00 00 80 7f 30 00 48 63
0x00007ffca4132256:   c8 48 89 4c 24 28 0f 28 44 24 20 74 17 0f 11 86
0x00007ffca4132266:   98 03 00 00 48 8b 5c 24 40 48 8b 74 24 48 48 83
0x00007ffca4132276:   c4 30 5f c3 48 8b 07 48 8d 54 24 20 48 8b cf 66
0x00007ffca4132286:   0f 7f 44 24 20 ff 50 38 48 8b 5c 24 40 48 8b 74
0x00007ffca4132296:   24 48 48 83 c4 30 5f c3 cc cc 40 53 48 83 ec 30
0x00007ffca41322a6:   0f 10 82 98 03 00 00 48 8b da 0f 10 c8 66 0f 73
0x00007ffca41322b6:   d9 08 66 48 0f 7e c8 48 85 c0 74 28 48 8b 01 48
0x00007ffca41322c6:   8d 54 24 20 0f 29 44 24 20 ff 50 40 33 c0 48 89
0x00007ffca41322d6:   44 24 20 48 89 44 24 28 0f 10 44 24 20 0f 11 83
0x00007ffca41322e6:   98 03 00 00 48 83 c4 30 5b c3 48 8b 49 38 48 8b
0x00007ffca41322f6:   01 48 ff 60 28 cc cc cc cc cc 80 3d d2 5e 89 00
0x00007ffca4132306:   00 48 8b c1 74 1b 8b 51 08 8b 0d 03 cb 84 00 48
0x00007ffca4132316:   d3 e2 48 8b c8 48 03 15 ee ca 84 00 e9 19 00 00
0x00007ffca4132326:   00 48 8b 51 08 48 8b c8 e9 0d 00 00 00 cc cc cc
0x00007ffca4132336:   cc cc cc cc cc cc cc cc cc cc 4c 8b ca 48 8b d1
0x00007ffca4132346:   45 8b 41 08 45 85 c0 7e 0e 41 f6 c0 01 75 59 41
0x00007ffca4132356:   c1 f8 03 41 8b c0 c3 79 4f 80 3d 73 5e 89 00 00
0x00007ffca4132366:   b8 0c 00 00 00 b9 10 00 00 00 0f 45 c8 8b 05 1b
0x00007ffca4132376:   14 83 00 ff c8 4c 63 c8 48 63 c1 41 8b c8 83 e1
0x00007ffca4132386:   3f 48 63 14 10 41 8b c0 48 c1 f8 10 0f b6 c0 48
0x00007ffca4132396:   d3 e2 49 8d 0c 11 49 f7 d1 48 03 c1 49 c1 e9 03
0x00007ffca41323a6:   48 c1 e8 03 41 23 c1 c3 49 8b 01 49 8b c9 48 ff
0x00007ffca41323b6:   a0 10 01 00 00 cc cc cc cc cc 48 8b c2 c3 cc cc
0x00007ffca41323c6:   cc cc cc cc cc cc cc cc cc cc 48 83 ec 38 48 8b
0x00007ffca41323d6:   41 38 80 78 08 00 74 00 0f 10 02 48 8b 49 38 48
0x00007ffca41323e6:   8d 54 24 20 0f 29 44 24 20 e8 3c f0 ff ff 48 83
0x00007ffca41323f6:   c4 38 c3 cc cc cc cc cc cc cc 48 83 ec 38 0f 10
0x00007ffca4132406:   02 48 8b 01 48 8d 54 24 20 0f 29 44 24 20 ff 50
0x00007ffca4132416:   38 48 83 c4 38 c3 cc cc cc cc 48 89 5c 24 08 55
0x00007ffca4132426:   56 57 41 54 41 55 41 56 41 57 48 8d 6c 24 e0 48
0x00007ffca4132436:   81 ec 20 01 00 00 48 8b 05 4d 51 86 00 48 33 c4 


Stack slot to memory mapping:
stack at sp + 0 slots: 0x00007ffca42aa34c jvm.dll
stack at sp + 1 slots: 0x00000000876bf301 is pointing into object: org.apache.tools.zip.ZipEntry 
{0x00000000876bf2b8} - klass: 'org/apache/tools/zip/ZipEntry'
stack at sp + 2 slots: 0x0000000000000015 is an unknown value
stack at sp + 3 slots: 0x0000018bcb9fd110 points into unknown readable memory: 0x00007ffca47ed828 | 28 d8 7e a4 fc 7f 00 00
stack at sp + 4 slots: 0x0000000000000011 is an unknown value
stack at sp + 5 slots: 0x0000000000000058 is an unknown value
stack at sp + 6 slots: 0x0000005f4aaff630 points into unknown readable memory: 0x0000018bab83b6a0 | a0 b6 83 ab 8b 01 00 00
stack at sp + 7 slots: 0x0000000d00000002 is an unknown value


---------------  P R O C E S S  ---------------

Threads class SMR info:
_java_thread_list=0x0000018bcc764180, length=54, elements={
0x0000018bad995000, 0x0000018bc88fd800, 0x0000018bc912a800, 0x0000018bc917b800,
0x0000018bc917c800, 0x0000018bc9180800, 0x0000018bc9184000, 0x0000018bc9187000,
0x0000018bc9194000, 0x0000018bc92fa800, 0x0000018bca7aa000, 0x0000018bca9bd000,
0x0000018bc9fe5000, 0x0000018bcbc86800, 0x0000018bcb262800, 0x0000018bca77d800,
0x0000018bcbb37000, 0x0000018bca654800, 0x0000018bcab6e000, 0x0000018bcbdd5800,
0x0000018bcbdd6000, 0x0000018bca27d800, 0x0000018bcbdcc000, 0x0000018bcbdb5000,
0x0000018bcbdbb800, 0x0000018bcbdb5800, 0x0000018bcbdb8000, 0x0000018bcbdb9000,
0x0000018bcbdba000, 0x0000018bcbdb6800, 0x0000018bcbdba800, 0x0000018bcbdb7800,
0x0000018bcc7b5000, 0x0000018bcc7b6000, 0x0000018bcc7b2000, 0x0000018bcc7b0000,
0x0000018bcc7b6800, 0x0000018bcc7b1000, 0x0000018bcc7b2800, 0x0000018bcc7b8800,
0x0000018bcc7b9000, 0x0000018bcc7b7800, 0x0000018bcc7b4800, 0x0000018bcc7b3800,
0x0000018bcc7bb800, 0x0000018bcc7ba000, 0x0000018bcc7be000, 0x0000018bcc7bf000,
0x0000018bcc7bb000, 0x0000018bcc7bd800, 0x0000018bcec6f000, 0x0000018bcec74000,
0x0000018bcec70000, 0x0000018bcec73800
}

Java Threads: ( => current thread )
  0x0000018bad995000 JavaThread "main" [_thread_blocked, id=18244, stack(0x0000005f48a00000,0x0000005f48b00000)]
  0x0000018bc88fd800 JavaThread "Reference Handler" daemon [_thread_blocked, id=18312, stack(0x0000005f49100000,0x0000005f49200000)]
  0x0000018bc912a800 JavaThread "Finalizer" daemon [_thread_blocked, id=18316, stack(0x0000005f49200000,0x0000005f49300000)]
  0x0000018bc917b800 JavaThread "Signal Dispatcher" daemon [_thread_blocked, id=18332, stack(0x0000005f49300000,0x0000005f49400000)]
  0x0000018bc917c800 JavaThread "Attach Listener" daemon [_thread_blocked, id=18336, stack(0x0000005f49400000,0x0000005f49500000)]
  0x0000018bc9180800 JavaThread "Service Thread" daemon [_thread_blocked, id=18340, stack(0x0000005f49500000,0x0000005f49600000)]
  0x0000018bc9184000 JavaThread "C2 CompilerThread0" daemon [_thread_blocked, id=18344, stack(0x0000005f49600000,0x0000005f49700000)]
  0x0000018bc9187000 JavaThread "C1 CompilerThread0" daemon [_thread_blocked, id=18348, stack(0x0000005f49700000,0x0000005f49800000)]
  0x0000018bc9194000 JavaThread "Sweeper thread" daemon [_thread_blocked, id=18352, stack(0x0000005f49800000,0x0000005f49900000)]
  0x0000018bc92fa800 JavaThread "Common-Cleaner" daemon [_thread_blocked, id=18384, stack(0x0000005f49a00000,0x0000005f49b00000)]
  0x0000018bca7aa000 JavaThread "C1 CompilerThread1" daemon [_thread_blocked, id=15752, stack(0x0000005f49c00000,0x0000005f49d00000)]
  0x0000018bca9bd000 JavaThread "C1 CompilerThread2" daemon [_thread_blocked, id=15656, stack(0x0000005f49e00000,0x0000005f49f00000)]
  0x0000018bc9fe5000 JavaThread "C1 CompilerThread3" daemon [_thread_blocked, id=15652, stack(0x0000005f4a000000,0x0000005f4a100000)]
  0x0000018bcbc86800 JavaThread "Daemon health stats" [_thread_blocked, id=14532, stack(0x0000005f4a100000,0x0000005f4a200000)]
  0x0000018bcb262800 JavaThread "Incoming local TCP Connector on port 61691" [_thread_in_native, id=18400, stack(0x0000005f49900000,0x0000005f49a00000)]
  0x0000018bca77d800 JavaThread "Daemon periodic checks" [_thread_blocked, id=18404, stack(0x0000005f49d00000,0x0000005f49e00000)]
  0x0000018bcbb37000 JavaThread "Daemon" [_thread_blocked, id=15824, stack(0x0000005f4a200000,0x0000005f4a300000)]
  0x0000018bca654800 JavaThread "Handler for socket connection from /127.0.0.1:61691 to /127.0.0.1:61693" [_thread_in_native, id=15816, stack(0x0000005f4a300000,0x0000005f4a400000)]
  0x0000018bcab6e000 JavaThread "Cancel handler" [_thread_blocked, id=15728, stack(0x0000005f4af00000,0x0000005f4b000000)]
  0x0000018bcbdd5800 JavaThread "Daemon worker" [_thread_blocked, id=15724, stack(0x0000005f4b000000,0x0000005f4b100000)]
  0x0000018bcbdd6000 JavaThread "Asynchronous log dispatcher for DefaultDaemonConnection: socket connection from /127.0.0.1:61691 to /127.0.0.1:61693" [_thread_blocked, id=15008, stack(0x0000005f4b100000,0x0000005f4b200000)]
  0x0000018bca27d800 JavaThread "Stdin handler" [_thread_blocked, id=18396, stack(0x0000005f4b200000,0x0000005f4b300000)]
  0x0000018bcbdcc000 JavaThread "Daemon client event forwarder" [_thread_blocked, id=6160, stack(0x0000005f4b300000,0x0000005f4b400000)]
  0x0000018bcbdb5000 JavaThread "Cache worker for journal cache (C:\Users\Fannana Fahrin\.gradle\caches\journal-1)" [_thread_blocked, id=2524, stack(0x0000005f4b500000,0x0000005f4b600000)]
  0x0000018bcbdbb800 JavaThread "File lock request listener" [_thread_in_native, id=3996, stack(0x0000005f4b600000,0x0000005f4b700000)]
  0x0000018bcbdb5800 JavaThread "Cache worker for file hash cache (C:\Users\Fannana Fahrin\.gradle\caches\7.4\fileHashes)" [_thread_blocked, id=14548, stack(0x0000005f4ba00000,0x0000005f4bb00000)]
  0x0000018bcbdb8000 JavaThread "File watcher server" daemon [_thread_in_native, id=18296, stack(0x0000005f4bc00000,0x0000005f4bd00000)]
  0x0000018bcbdb9000 JavaThread "File watcher consumer" daemon [_thread_blocked, id=17752, stack(0x0000005f4bd00000,0x0000005f4be00000)]
  0x0000018bcbdba000 JavaThread "jar transforms" [_thread_blocked, id=17768, stack(0x0000005f4be00000,0x0000005f4bf00000)]
  0x0000018bcbdb6800 JavaThread "jar transforms Thread 2" [_thread_blocked, id=17772, stack(0x0000005f4bf00000,0x0000005f4c000000)]
  0x0000018bcbdba800 JavaThread "jar transforms Thread 3" [_thread_blocked, id=18420, stack(0x0000005f4c000000,0x0000005f4c100000)]
  0x0000018bcbdb7800 JavaThread "jar transforms Thread 4" [_thread_blocked, id=18320, stack(0x0000005f4c100000,0x0000005f4c200000)]
  0x0000018bcc7b5000 JavaThread "jar transforms Thread 5" [_thread_blocked, id=18284, stack(0x0000005f4c200000,0x0000005f4c300000)]
  0x0000018bcc7b6000 JavaThread "jar transforms Thread 6" [_thread_blocked, id=15084, stack(0x0000005f4c300000,0x0000005f4c400000)]
  0x0000018bcc7b2000 JavaThread "jar transforms Thread 7" [_thread_blocked, id=13624, stack(0x0000005f4c400000,0x0000005f4c500000)]
  0x0000018bcc7b0000 JavaThread "jar transforms Thread 8" [_thread_blocked, id=4372, stack(0x0000005f4c500000,0x0000005f4c600000)]
  0x0000018bcc7b6800 JavaThread "jar transforms Thread 9" [_thread_blocked, id=17784, stack(0x0000005f4c600000,0x0000005f4c700000)]
  0x0000018bcc7b1000 JavaThread "jar transforms Thread 10" [_thread_blocked, id=8852, stack(0x0000005f4c700000,0x0000005f4c800000)]
  0x0000018bcc7b2800 JavaThread "jar transforms Thread 11" [_thread_blocked, id=18124, stack(0x0000005f4c800000,0x0000005f4c900000)]
  0x0000018bcc7b8800 JavaThread "jar transforms Thread 12" [_thread_blocked, id=17088, stack(0x0000005f4c900000,0x0000005f4ca00000)]
  0x0000018bcc7b9000 JavaThread "jar transforms Thread 13" [_thread_blocked, id=18360, stack(0x0000005f4ca00000,0x0000005f4cb00000)]
  0x0000018bcc7b7800 JavaThread "jar transforms Thread 14" [_thread_blocked, id=17304, stack(0x0000005f4cb00000,0x0000005f4cc00000)]
  0x0000018bcc7b4800 JavaThread "jar transforms Thread 15" [_thread_blocked, id=17556, stack(0x0000005f4cc00000,0x0000005f4cd00000)]
  0x0000018bcc7b3800 JavaThread "jar transforms Thread 16" [_thread_blocked, id=4472, stack(0x0000005f4cd00000,0x0000005f4ce00000)]
  0x0000018bcc7bb800 JavaThread "Cache worker for checksums cache (F:\FloresDeJardin\.gradle\7.4\checksums)" [_thread_blocked, id=4144, stack(0x0000005f4b400000,0x0000005f4b500000)]
  0x0000018bcc7ba000 JavaThread "Cache worker for cache directory md-rule (C:\Users\Fannana Fahrin\.gradle\caches\7.4\md-rule)" [_thread_blocked, id=16092, stack(0x0000005f4bb00000,0x0000005f4bc00000)]
  0x0000018bcc7be000 JavaThread "Cache worker for file hash cache (F:\FloresDeJardin\.gradle\7.4\fileHashes)" [_thread_blocked, id=15840, stack(0x0000005f4ce00000,0x0000005f4cf00000)]
  0x0000018bcc7bf000 JavaThread "Cache worker for cache directory md-supplier (C:\Users\Fannana Fahrin\.gradle\caches\7.4\md-supplier)" [_thread_blocked, id=16000, stack(0x0000005f4cf00000,0x0000005f4d000000)]
  0x0000018bcc7bb000 JavaThread "Cache worker for execution history cache (C:\Users\Fannana Fahrin\.gradle\caches\7.4\executionHistory)" [_thread_blocked, id=15812, stack(0x0000005f4d000000,0x0000005f4d100000)]
  0x0000018bcc7bd800 JavaThread "Cache worker for file content cache (C:\Users\Fannana Fahrin\.gradle\caches\7.4\fileContent)" [_thread_blocked, id=17652, stack(0x0000005f4d500000,0x0000005f4d600000)]
  0x0000018bcec6f000 JavaThread "C2 CompilerThread1" daemon [_thread_in_native, id=7024, stack(0x0000005f4d100000,0x0000005f4d200000)]
  0x0000018bcec74000 JavaThread "C2 CompilerThread2" daemon [_thread_in_native, id=11764, stack(0x0000005f4d200000,0x0000005f4d300000)]
  0x0000018bcec70000 JavaThread "C2 CompilerThread3" daemon [_thread_blocked, id=15956, stack(0x0000005f4d300000,0x0000005f4d400000)]
  0x0000018bcec73800 JavaThread "C2 CompilerThread4" daemon [_thread_blocked, id=2404, stack(0x0000005f4d400000,0x0000005f4d500000)]

Other Threads:
  0x0000018bc88fb000 VMThread "VM Thread" [stack: 0x0000005f49000000,0x0000005f49100000] [id=18300]
  0x0000018bc9366000 WatcherThread [stack: 0x0000005f49b00000,0x0000005f49c00000] [id=18388]
  0x0000018bad9ec800 GCTaskThread "GC Thread#0" [stack: 0x0000005f48b00000,0x0000005f48c00000] [id=18256]
  0x0000018bc9673000 GCTaskThread "GC Thread#1" [stack: 0x0000005f49f00000,0x0000005f4a000000] [id=13184]
  0x0000018bca220000 GCTaskThread "GC Thread#2" [stack: 0x0000005f4a400000,0x0000005f4a500000] [id=12320]
  0x0000018bca220800 GCTaskThread "GC Thread#3" [stack: 0x0000005f4a500000,0x0000005f4a600000] [id=2064]
  0x0000018bca903800 GCTaskThread "GC Thread#4" [stack: 0x0000005f4a600000,0x0000005f4a700000] [id=12040]
  0x0000018bca564800 GCTaskThread "GC Thread#5" [stack: 0x0000005f4a700000,0x0000005f4a800000] [id=16212]
  0x0000018bca565000 GCTaskThread "GC Thread#6" [stack: 0x0000005f4a800000,0x0000005f4a900000] [id=15828]
  0x0000018bca035800 GCTaskThread "GC Thread#7" [stack: 0x0000005f4a900000,0x0000005f4aa00000] [id=15936]
=>0x0000018bca036800 GCTaskThread "GC Thread#8" [stack: 0x0000005f4aa00000,0x0000005f4ab00000] [id=10524]
  0x0000018bc9cee800 GCTaskThread "GC Thread#9" [stack: 0x0000005f4ab00000,0x0000005f4ac00000] [id=14300]
  0x0000018bc9cef000 GCTaskThread "GC Thread#10" [stack: 0x0000005f4ac00000,0x0000005f4ad00000] [id=15080]
  0x0000018bca875800 GCTaskThread "GC Thread#11" [stack: 0x0000005f4ad00000,0x0000005f4ae00000] [id=4504]
  0x0000018bca97c800 GCTaskThread "GC Thread#12" [stack: 0x0000005f4b700000,0x0000005f4b800000] [id=15104]
  0x0000018bada0f000 ConcurrentGCThread "G1 Main Marker" [stack: 0x0000005f48c00000,0x0000005f48d00000] [id=18260]
  0x0000018bada12000 ConcurrentGCThread "G1 Conc#0" [stack: 0x0000005f48d00000,0x0000005f48e00000] [id=18264]
  0x0000018bca9bb800 ConcurrentGCThread "G1 Conc#1" [stack: 0x0000005f4b800000,0x0000005f4b900000] [id=15892]
  0x0000018bcc7ae800 ConcurrentGCThread "G1 Conc#2" [stack: 0x0000005f4b900000,0x0000005f4ba00000] [id=15640]
  0x0000018bc876b800 ConcurrentGCThread "G1 Refine#0" [stack: 0x0000005f48e00000,0x0000005f48f00000] [id=18268]
  0x0000018bc98d2800 ConcurrentGCThread "G1 Refine#1" [stack: 0x0000005f4ae00000,0x0000005f4af00000] [id=17704]
  0x0000018bc876e800 ConcurrentGCThread "G1 Young RemSet Sampling" [stack: 0x0000005f48f00000,0x0000005f49000000] [id=18272]

Threads with active compile tasks:
C2 CompilerThread1  23440 5233 %     4       org.objectweb.asm.ClassReader::readCode @ 92 (5109 bytes)
C2 CompilerThread2  23440 5262       4       org.objectweb.asm.ClassWriter::toByteArray (1535 bytes)
C2 CompilerThread4  23441 5263       4       org.objectweb.asm.ClassReader::accept (1412 bytes)

VM state:at safepoint (normal execution)

VM Mutex/Monitor currently owned by a thread:  ([mutex/lock_event])
[0x0000018bad990820] Threads_lock - owner thread: 0x0000018bc88fb000
[0x0000018bad991090] Heap_lock - owner thread: 0x0000018bcbdba000

Heap address: 0x0000000080000000, size: 2048 MB, Compressed Oops mode: 32-bit
Narrow klass base: 0x0000000000000000, Narrow klass shift: 3
Compressed class space size: 1073741824 Address: 0x0000000100000000

Heap:
 garbage-first heap   total 331776K, used 274478K [0x0000000080000000, 0x0000000100000000)
  region size 1024K, 196 young (200704K), 16 survivors (16384K)
 Metaspace       used 44512K, capacity 45659K, committed 45852K, reserved 1089536K
  class space    used 5615K, capacity 6029K, committed 6092K, reserved 1048576K
Heap Regions: E=young(eden), S=young(survivor), O=old, HS=humongous(starts), HC=humongous(continues), CS=collection set, F=free, A=archive, TAMS=top-at-mark-start (previous, next)
|   0|0x0000000080000000, 0x0000000080100000, 0x0000000080100000|100%| O|  |TAMS 0x0000000080100000, 0x0000000080000000| Untracked 
|   1|0x0000000080100000, 0x0000000080200000, 0x0000000080200000|100%| O|  |TAMS 0x0000000080200000, 0x0000000080100000| Untracked 
|   2|0x0000000080200000, 0x0000000080300000, 0x0000000080300000|100%| O|  |TAMS 0x0000000080300000, 0x0000000080200000| Untracked 
|   3|0x0000000080300000, 0x0000000080400000, 0x0000000080400000|100%|HS|  |TAMS 0x0000000080400000, 0x0000000080300000| Complete 
|   4|0x0000000080400000, 0x0000000080500000, 0x0000000080500000|100%|HC|  |TAMS 0x0000000080500000, 0x0000000080400000| Complete 
|   5|0x0000000080500000, 0x0000000080600000, 0x0000000080600000|100%|HC|  |TAMS 0x0000000080600000, 0x0000000080500000| Complete 
|   6|0x0000000080600000, 0x0000000080700000, 0x0000000080700000|100%| O|  |TAMS 0x0000000080700000, 0x0000000080600000| Untracked 
|   7|0x0000000080700000, 0x0000000080800000, 0x0000000080800000|100%| O|  |TAMS 0x0000000080800000, 0x0000000080700000| Untracked 
|   8|0x0000000080800000, 0x0000000080900000, 0x0000000080900000|100%| O|  |TAMS 0x0000000080900000, 0x0000000080800000| Untracked 
|   9|0x0000000080900000, 0x0000000080a00000, 0x0000000080a00000|100%| O|  |TAMS 0x0000000080a00000, 0x0000000080900000| Untracked 
|  10|0x0000000080a00000, 0x0000000080b00000, 0x0000000080b00000|100%| O|  |TAMS 0x0000000080b00000, 0x0000000080a00000| Untracked 
|  11|0x0000000080b00000, 0x0000000080c00000, 0x0000000080c00000|100%| O|  |TAMS 0x0000000080c00000, 0x0000000080b00000| Untracked 
|  12|0x0000000080c00000, 0x0000000080d00000, 0x0000000080d00000|100%| O|  |TAMS 0x0000000080d00000, 0x0000000080c00000| Untracked 
|  13|0x0000000080d00000, 0x0000000080e00000, 0x0000000080e00000|100%| O|  |TAMS 0x0000000080e00000, 0x0000000080d00000| Untracked 
|  14|0x0000000080e00000, 0x0000000080f00000, 0x0000000080f00000|100%| O|  |TAMS 0x0000000080f00000, 0x0000000080e00000| Untracked 
|  15|0x0000000080f00000, 0x0000000081000000, 0x0000000081000000|100%| O|  |TAMS 0x0000000081000000, 0x0000000080f00000| Untracked 
|  16|0x0000000081000000, 0x0000000081100000, 0x0000000081100000|100%|HS|  |TAMS 0x0000000081100000, 0x0000000081000000| Complete 
|  17|0x0000000081100000, 0x0000000081200000, 0x0000000081200000|100%|HC|  |TAMS 0x0000000081200000, 0x0000000081100000| Complete 
|  18|0x0000000081200000, 0x0000000081300000, 0x0000000081300000|100%|HS|  |TAMS 0x0000000081300000, 0x0000000081200000| Complete 
|  19|0x0000000081300000, 0x0000000081400000, 0x0000000081400000|100%|HC|  |TAMS 0x0000000081400000, 0x0000000081300000| Complete 
|  20|0x0000000081400000, 0x0000000081500000, 0x0000000081500000|100%|HC|  |TAMS 0x0000000081500000, 0x0000000081400000| Complete 
|  21|0x0000000081500000, 0x0000000081600000, 0x0000000081600000|100%|HS|  |TAMS 0x0000000081600000, 0x0000000081500000| Complete 
|  22|0x0000000081600000, 0x0000000081700000, 0x0000000081700000|100%|HC|  |TAMS 0x0000000081700000, 0x0000000081600000| Complete 
|  23|0x0000000081700000, 0x0000000081800000, 0x0000000081800000|100%|HC|  |TAMS 0x0000000081800000, 0x0000000081700000| Complete 
|  24|0x0000000081800000, 0x0000000081900000, 0x0000000081900000|100%|HS|  |TAMS 0x0000000081900000, 0x0000000081800000| Complete 
|  25|0x0000000081900000, 0x0000000081a00000, 0x0000000081a00000|100%|HC|  |TAMS 0x0000000081a00000, 0x0000000081900000| Complete 
|  26|0x0000000081a00000, 0x0000000081b00000, 0x0000000081b00000|100%|HC|  |TAMS 0x0000000081b00000, 0x0000000081a00000| Complete 
|  27|0x0000000081b00000, 0x0000000081c00000, 0x0000000081c00000|100%|HC|  |TAMS 0x0000000081c00000, 0x0000000081b00000| Complete 
|  28|0x0000000081c00000, 0x0000000081d00000, 0x0000000081d00000|100%|HC|  |TAMS 0x0000000081d00000, 0x0000000081c00000| Complete 
|  29|0x0000000081d00000, 0x0000000081e00000, 0x0000000081e00000|100%|HS|  |TAMS 0x0000000081e00000, 0x0000000081d00000| Complete 
|  30|0x0000000081e00000, 0x0000000081f00000, 0x0000000081f00000|100%|HS|  |TAMS 0x0000000081f00000, 0x0000000081e00000| Complete 
|  31|0x0000000081f00000, 0x0000000082000000, 0x0000000082000000|100%|HC|  |TAMS 0x0000000082000000, 0x0000000081f00000| Complete 
|  32|0x0000000082000000, 0x0000000082100000, 0x0000000082100000|100%|HC|  |TAMS 0x0000000082100000, 0x0000000082000000| Complete 
|  33|0x0000000082100000, 0x0000000082200000, 0x0000000082200000|100%|HC|  |TAMS 0x0000000082200000, 0x0000000082100000| Complete 
|  34|0x0000000082200000, 0x0000000082300000, 0x0000000082300000|100%| O|  |TAMS 0x0000000082300000, 0x0000000082200000| Untracked 
|  35|0x0000000082300000, 0x0000000082400000, 0x0000000082400000|100%| O|  |TAMS 0x0000000082400000, 0x0000000082300000| Untracked 
|  36|0x0000000082400000, 0x0000000082500000, 0x0000000082500000|100%| O|  |TAMS 0x0000000082500000, 0x0000000082400000| Untracked 
|  37|0x0000000082500000, 0x0000000082600000, 0x0000000082600000|100%| O|  |TAMS 0x0000000082600000, 0x0000000082500000| Untracked 
|  38|0x0000000082600000, 0x0000000082700000, 0x0000000082700000|100%| O|  |TAMS 0x0000000082700000, 0x0000000082600000| Untracked 
|  39|0x0000000082700000, 0x0000000082800000, 0x0000000082800000|100%| O|  |TAMS 0x0000000082800000, 0x0000000082700000| Untracked 
|  40|0x0000000082800000, 0x0000000082900000, 0x0000000082900000|100%| O|  |TAMS 0x0000000082900000, 0x0000000082800000| Untracked 
|  41|0x0000000082900000, 0x0000000082a00000, 0x0000000082a00000|100%| O|  |TAMS 0x0000000082a00000, 0x0000000082900000| Untracked 
|  42|0x0000000082a00000, 0x0000000082b00000, 0x0000000082b00000|100%| O|  |TAMS 0x0000000082b00000, 0x0000000082a00000| Untracked 
|  43|0x0000000082b00000, 0x0000000082c00000, 0x0000000082c00000|100%| O|  |TAMS 0x0000000082c00000, 0x0000000082b00000| Untracked 
|  44|0x0000000082c00000, 0x0000000082d00000, 0x0000000082d00000|100%| O|  |TAMS 0x0000000082d00000, 0x0000000082c00000| Untracked 
|  45|0x0000000082d00000, 0x0000000082e00000, 0x0000000082e00000|100%| O|  |TAMS 0x0000000082e00000, 0x0000000082d00000| Untracked 
|  46|0x0000000082e00000, 0x0000000082f00000, 0x0000000082f00000|100%| O|  |TAMS 0x0000000082f00000, 0x0000000082e00000| Untracked 
|  47|0x0000000082f00000, 0x0000000083000000, 0x0000000083000000|100%| O|  |TAMS 0x0000000083000000, 0x0000000082f00000| Untracked 
|  48|0x0000000083000000, 0x0000000083100000, 0x0000000083100000|100%| O|  |TAMS 0x0000000083100000, 0x0000000083000000| Untracked 
|  49|0x0000000083100000, 0x0000000083200000, 0x0000000083200000|100%| O|  |TAMS 0x0000000083200000, 0x0000000083100000| Untracked 
|  50|0x0000000083200000, 0x0000000083300000, 0x0000000083300000|100%| O|  |TAMS 0x0000000083300000, 0x0000000083200000| Untracked 
|  51|0x0000000083300000, 0x0000000083400000, 0x0000000083400000|100%|HS|  |TAMS 0x0000000083300000, 0x0000000083300000| Complete 
|  52|0x0000000083400000, 0x0000000083500000, 0x0000000083500000|100%|HC|  |TAMS 0x0000000083400000, 0x0000000083400000| Complete 
|  53|0x0000000083500000, 0x0000000083600000, 0x0000000083600000|100%|HC|  |TAMS 0x0000000083500000, 0x0000000083500000| Complete 
|  54|0x0000000083600000, 0x0000000083700000, 0x0000000083700000|100%|HC|  |TAMS 0x0000000083600000, 0x0000000083600000| Complete 
|  55|0x0000000083700000, 0x00000000837cee10, 0x0000000083800000| 80%| O|  |TAMS 0x0000000083700000, 0x0000000083700000| Untracked 
|  56|0x0000000083800000, 0x0000000083900000, 0x0000000083900000|100%| O|  |TAMS 0x0000000083900000, 0x0000000083800000| Untracked 
|  57|0x0000000083900000, 0x0000000083a00000, 0x0000000083a00000|100%| O|  |TAMS 0x0000000083a00000, 0x0000000083900000| Untracked 
|  58|0x0000000083a00000, 0x0000000083b00000, 0x0000000083b00000|100%| O|  |TAMS 0x0000000083b00000, 0x0000000083a00000| Untracked 
|  59|0x0000000083b00000, 0x0000000083c00000, 0x0000000083c00000|100%| O|  |TAMS 0x0000000083c00000, 0x0000000083b00000| Untracked 
|  60|0x0000000083c00000, 0x0000000083d00000, 0x0000000083d00000|100%| O|  |TAMS 0x0000000083d00000, 0x0000000083c00000| Untracked 
|  61|0x0000000083d00000, 0x0000000083e00000, 0x0000000083e00000|100%| O|  |TAMS 0x0000000083e00000, 0x0000000083d00000| Untracked 
|  62|0x0000000083e00000, 0x0000000083f00000, 0x0000000083f00000|100%| O|  |TAMS 0x0000000083f00000, 0x0000000083e00000| Untracked 
|  63|0x0000000083f00000, 0x0000000084000000, 0x0000000084000000|100%| O|  |TAMS 0x0000000084000000, 0x0000000083f00000| Untracked 
|  64|0x0000000084000000, 0x0000000084100000, 0x0000000084100000|100%| O|  |TAMS 0x0000000084100000, 0x0000000084000000| Untracked 
|  65|0x0000000084100000, 0x0000000084200000, 0x0000000084200000|100%| O|  |TAMS 0x0000000084200000, 0x0000000084100000| Untracked 
|  66|0x0000000084200000, 0x0000000084300000, 0x0000000084300000|100%| O|  |TAMS 0x0000000084284000, 0x0000000084200000| Untracked 
|  67|0x0000000084300000, 0x0000000084400000, 0x0000000084400000|100%|HS|  |TAMS 0x0000000084300000, 0x0000000084300000| Complete 
|  68|0x0000000084400000, 0x0000000084400000, 0x0000000084500000|  0%| F|  |TAMS 0x0000000084400000, 0x0000000084400000| Untracked 
|  69|0x0000000084500000, 0x0000000084500000, 0x0000000084600000|  0%| F|  |TAMS 0x0000000084500000, 0x0000000084500000| Untracked 
|  70|0x0000000084600000, 0x0000000084600000, 0x0000000084700000|  0%| F|  |TAMS 0x0000000084600000, 0x0000000084600000| Untracked 
|  71|0x0000000084700000, 0x0000000084700000, 0x0000000084800000|  0%| F|  |TAMS 0x0000000084700000, 0x0000000084700000| Untracked 
|  72|0x0000000084800000, 0x0000000084800000, 0x0000000084900000|  0%| F|  |TAMS 0x0000000084800000, 0x0000000084800000| Untracked 
|  73|0x0000000084900000, 0x0000000084900000, 0x0000000084a00000|  0%| F|  |TAMS 0x0000000084900000, 0x0000000084900000| Untracked 
|  74|0x0000000084a00000, 0x0000000084a00000, 0x0000000084b00000|  0%| F|  |TAMS 0x0000000084a00000, 0x0000000084a00000| Untracked 
|  75|0x0000000084b00000, 0x0000000084b00000, 0x0000000084c00000|  0%| F|  |TAMS 0x0000000084b00000, 0x0000000084b00000| Untracked 
|  76|0x0000000084c00000, 0x0000000084c00000, 0x0000000084d00000|  0%| F|  |TAMS 0x0000000084c00000, 0x0000000084c00000| Untracked 
|  77|0x0000000084d00000, 0x0000000084d00000, 0x0000000084e00000|  0%| F|  |TAMS 0x0000000084d00000, 0x0000000084d00000| Untracked 
|  78|0x0000000084e00000, 0x0000000084f00000, 0x0000000084f00000|100%|HS|  |TAMS 0x0000000084e00000, 0x0000000084e00000| Complete 
|  79|0x0000000084f00000, 0x0000000085000000, 0x0000000085000000|100%|HS|  |TAMS 0x0000000084f00000, 0x0000000084f00000| Complete 
|  80|0x0000000085000000, 0x0000000085100000, 0x0000000085100000|100%|HC|  |TAMS 0x0000000085000000, 0x0000000085000000| Complete 
|  81|0x0000000085100000, 0x0000000085200000, 0x0000000085200000|100%|HC|  |TAMS 0x0000000085100000, 0x0000000085100000| Complete 
|  82|0x0000000085200000, 0x0000000085300000, 0x0000000085300000|100%|HS|  |TAMS 0x0000000085200000, 0x0000000085200000| Complete 
|  83|0x0000000085300000, 0x0000000085400000, 0x0000000085400000|100%|HC|  |TAMS 0x0000000085300000, 0x0000000085300000| Complete 
|  84|0x0000000085400000, 0x0000000085500000, 0x0000000085500000|100%|HC|  |TAMS 0x0000000085400000, 0x0000000085400000| Complete 
|  85|0x0000000085500000, 0x0000000085500000, 0x0000000085600000|  0%| F|  |TAMS 0x0000000085500000, 0x0000000085500000| Untracked 
|  86|0x0000000085600000, 0x0000000085600000, 0x0000000085700000|  0%| F|  |TAMS 0x0000000085600000, 0x0000000085600000| Untracked 
|  87|0x0000000085700000, 0x0000000085700000, 0x0000000085800000|  0%| F|  |TAMS 0x0000000085700000, 0x0000000085700000| Untracked 
|  88|0x0000000085800000, 0x0000000085800000, 0x0000000085900000|  0%| F|  |TAMS 0x0000000085800000, 0x0000000085800000| Untracked 
|  89|0x0000000085900000, 0x0000000085900000, 0x0000000085a00000|  0%| F|  |TAMS 0x0000000085900000, 0x0000000085900000| Untracked 
|  90|0x0000000085a00000, 0x0000000085a00000, 0x0000000085b00000|  0%| F|  |TAMS 0x0000000085a00000, 0x0000000085a00000| Untracked 
|  91|0x0000000085b00000, 0x0000000085b00000, 0x0000000085c00000|  0%| F|  |TAMS 0x0000000085b00000, 0x0000000085b00000| Untracked 
|  92|0x0000000085c00000, 0x0000000085c00000, 0x0000000085d00000|  0%| F|  |TAMS 0x0000000085c00000, 0x0000000085c00000| Untracked 
|  93|0x0000000085d00000, 0x0000000085d00000, 0x0000000085e00000|  0%| F|  |TAMS 0x0000000085d00000, 0x0000000085d00000| Untracked 
|  94|0x0000000085e00000, 0x0000000085e00000, 0x0000000085f00000|  0%| F|  |TAMS 0x0000000085e00000, 0x0000000085e00000| Untracked 
|  95|0x0000000085f00000, 0x0000000085f00000, 0x0000000086000000|  0%| F|  |TAMS 0x0000000085f00000, 0x0000000085f00000| Untracked 
|  96|0x0000000086000000, 0x0000000086000000, 0x0000000086100000|  0%| F|  |TAMS 0x0000000086000000, 0x0000000086000000| Untracked 
|  97|0x0000000086100000, 0x0000000086100000, 0x0000000086200000|  0%| F|  |TAMS 0x0000000086100000, 0x0000000086100000| Untracked 
|  98|0x0000000086200000, 0x0000000086200000, 0x0000000086300000|  0%| F|  |TAMS 0x0000000086200000, 0x0000000086200000| Untracked 
|  99|0x0000000086300000, 0x0000000086300000, 0x0000000086400000|  0%| F|  |TAMS 0x0000000086300000, 0x0000000086300000| Untracked 
| 100|0x0000000086400000, 0x0000000086400000, 0x0000000086500000|  0%| F|  |TAMS 0x0000000086400000, 0x0000000086400000| Untracked 
| 101|0x0000000086500000, 0x0000000086500000, 0x0000000086600000|  0%| F|  |TAMS 0x0000000086500000, 0x0000000086500000| Untracked 
| 102|0x0000000086600000, 0x0000000086600000, 0x0000000086700000|  0%| F|  |TAMS 0x0000000086600000, 0x0000000086600000| Untracked 
| 103|0x0000000086700000, 0x0000000086700000, 0x0000000086800000|  0%| F|  |TAMS 0x0000000086700000, 0x0000000086700000| Untracked 
| 104|0x0000000086800000, 0x0000000086800000, 0x0000000086900000|  0%| F|  |TAMS 0x0000000086800000, 0x0000000086800000| Untracked 
| 105|0x0000000086900000, 0x0000000086900000, 0x0000000086a00000|  0%| F|  |TAMS 0x0000000086900000, 0x0000000086900000| Untracked 
| 106|0x0000000086a00000, 0x0000000086a00000, 0x0000000086b00000|  0%| F|  |TAMS 0x0000000086a00000, 0x0000000086a00000| Untracked 
| 107|0x0000000086b00000, 0x0000000086b00000, 0x0000000086c00000|  0%| F|  |TAMS 0x0000000086b00000, 0x0000000086b00000| Untracked 
| 108|0x0000000086c00000, 0x0000000086c00000, 0x0000000086d00000|  0%| F|  |TAMS 0x0000000086c00000, 0x0000000086c00000| Untracked 
| 109|0x0000000086d00000, 0x0000000086d00000, 0x0000000086e00000|  0%| F|  |TAMS 0x0000000086d00000, 0x0000000086d00000| Untracked 
| 110|0x0000000086e00000, 0x0000000086e00000, 0x0000000086f00000|  0%| F|  |TAMS 0x0000000086e00000, 0x0000000086e00000| Untracked 
| 111|0x0000000086f00000, 0x0000000086f00000, 0x0000000087000000|  0%| F|  |TAMS 0x0000000086f00000, 0x0000000086f00000| Untracked 
| 112|0x0000000087000000, 0x0000000087000000, 0x0000000087100000|  0%| F|  |TAMS 0x0000000087000000, 0x0000000087000000| Untracked 
| 113|0x0000000087100000, 0x0000000087100000, 0x0000000087200000|  0%| F|  |TAMS 0x0000000087100000, 0x0000000087100000| Untracked 
| 114|0x0000000087200000, 0x0000000087284798, 0x0000000087300000| 51%| S|  |TAMS 0x0000000087200000, 0x0000000087200000| Complete 
| 115|0x0000000087300000, 0x0000000087400000, 0x0000000087400000|100%| S|  |TAMS 0x0000000087300000, 0x0000000087300000| Complete 
| 116|0x0000000087400000, 0x00000000874be4d8, 0x0000000087500000| 74%| E|CS|TAMS 0x0000000087400000, 0x0000000087400000| Complete 
| 117|0x0000000087500000, 0x0000000087600000, 0x0000000087600000|100%| S|  |TAMS 0x0000000087500000, 0x0000000087500000| Complete 
| 118|0x0000000087600000, 0x0000000087700000, 0x0000000087700000|100%| S|  |TAMS 0x0000000087600000, 0x0000000087600000| Complete 
| 119|0x0000000087700000, 0x0000000087800000, 0x0000000087800000|100%| S|  |TAMS 0x0000000087700000, 0x0000000087700000| Complete 
| 120|0x0000000087800000, 0x0000000087900000, 0x0000000087900000|100%| S|  |TAMS 0x0000000087800000, 0x0000000087800000| Complete 
| 121|0x0000000087900000, 0x0000000087a00000, 0x0000000087a00000|100%| S|  |TAMS 0x0000000087900000, 0x0000000087900000| Complete 
| 122|0x0000000087a00000, 0x0000000087b00000, 0x0000000087b00000|100%| S|  |TAMS 0x0000000087a00000, 0x0000000087a00000| Complete 
| 123|0x0000000087b00000, 0x0000000087c00000, 0x0000000087c00000|100%| S|  |TAMS 0x0000000087b00000, 0x0000000087b00000| Complete 
| 124|0x0000000087c00000, 0x0000000087d00000, 0x0000000087d00000|100%| S|  |TAMS 0x0000000087c00000, 0x0000000087c00000| Complete 
| 125|0x0000000087d00000, 0x0000000087e00000, 0x0000000087e00000|100%| S|  |TAMS 0x0000000087d00000, 0x0000000087d00000| Complete 
| 126|0x0000000087e00000, 0x0000000087f00000, 0x0000000087f00000|100%| S|  |TAMS 0x0000000087e00000, 0x0000000087e00000| Complete 
| 127|0x0000000087f00000, 0x0000000088000000, 0x0000000088000000|100%| S|  |TAMS 0x0000000087f00000, 0x0000000087f00000| Complete 
| 128|0x0000000088000000, 0x0000000088100000, 0x0000000088100000|100%| S|  |TAMS 0x0000000088000000, 0x0000000088000000| Complete 
| 129|0x0000000088100000, 0x0000000088200000, 0x0000000088200000|100%| S|  |TAMS 0x0000000088100000, 0x0000000088100000| Complete 
| 130|0x0000000088200000, 0x0000000088300000, 0x0000000088300000|100%| E|CS|TAMS 0x0000000088200000, 0x0000000088200000| Complete 
| 131|0x0000000088300000, 0x0000000088400000, 0x0000000088400000|100%| E|CS|TAMS 0x0000000088300000, 0x0000000088300000| Complete 
| 132|0x0000000088400000, 0x0000000088500000, 0x0000000088500000|100%| E|CS|TAMS 0x0000000088400000, 0x0000000088400000| Complete 
| 133|0x0000000088500000, 0x0000000088600000, 0x0000000088600000|100%| E|CS|TAMS 0x0000000088500000, 0x0000000088500000| Complete 
| 134|0x0000000088600000, 0x0000000088700000, 0x0000000088700000|100%| E|CS|TAMS 0x0000000088600000, 0x0000000088600000| Complete 
| 135|0x0000000088700000, 0x0000000088800000, 0x0000000088800000|100%| E|CS|TAMS 0x0000000088700000, 0x0000000088700000| Complete 
| 136|0x0000000088800000, 0x0000000088900000, 0x0000000088900000|100%| E|CS|TAMS 0x0000000088800000, 0x0000000088800000| Complete 
| 137|0x0000000088900000, 0x0000000088a00000, 0x0000000088a00000|100%| E|CS|TAMS 0x0000000088900000, 0x0000000088900000| Complete 
| 138|0x0000000088a00000, 0x0000000088b00000, 0x0000000088b00000|100%| E|CS|TAMS 0x0000000088a00000, 0x0000000088a00000| Complete 
| 139|0x0000000088b00000, 0x0000000088c00000, 0x0000000088c00000|100%| E|CS|TAMS 0x0000000088b00000, 0x0000000088b00000| Complete 
| 140|0x0000000088c00000, 0x0000000088d00000, 0x0000000088d00000|100%| E|CS|TAMS 0x0000000088c00000, 0x0000000088c00000| Complete 
| 141|0x0000000088d00000, 0x0000000088e00000, 0x0000000088e00000|100%| E|CS|TAMS 0x0000000088d00000, 0x0000000088d00000| Complete 
| 142|0x0000000088e00000, 0x0000000088f00000, 0x0000000088f00000|100%| E|CS|TAMS 0x0000000088e00000, 0x0000000088e00000| Complete 
| 143|0x0000000088f00000, 0x0000000089000000, 0x0000000089000000|100%| S|  |TAMS 0x0000000088f00000, 0x0000000088f00000| Complete 
| 144|0x0000000089000000, 0x0000000089100000, 0x0000000089100000|100%| E|CS|TAMS 0x0000000089000000, 0x0000000089000000| Complete 
| 145|0x0000000089100000, 0x0000000089200000, 0x0000000089200000|100%| E|CS|TAMS 0x0000000089100000, 0x0000000089100000| Complete 
| 146|0x0000000089200000, 0x0000000089300000, 0x0000000089300000|100%| E|CS|TAMS 0x0000000089200000, 0x0000000089200000| Complete 
| 147|0x0000000089300000, 0x0000000089400000, 0x0000000089400000|100%| E|CS|TAMS 0x0000000089300000, 0x0000000089300000| Complete 
| 148|0x0000000089400000, 0x0000000089500000, 0x0000000089500000|100%| E|CS|TAMS 0x0000000089400000, 0x0000000089400000| Complete 
| 149|0x0000000089500000, 0x0000000089600000, 0x0000000089600000|100%| E|CS|TAMS 0x0000000089500000, 0x0000000089500000| Complete 
| 150|0x0000000089600000, 0x0000000089700000, 0x0000000089700000|100%| E|CS|TAMS 0x0000000089600000, 0x0000000089600000| Complete 
| 151|0x0000000089700000, 0x0000000089800000, 0x0000000089800000|100%| E|CS|TAMS 0x0000000089700000, 0x0000000089700000| Complete 
| 152|0x0000000089800000, 0x0000000089900000, 0x0000000089900000|100%| E|CS|TAMS 0x0000000089800000, 0x0000000089800000| Complete 
| 153|0x0000000089900000, 0x0000000089a00000, 0x0000000089a00000|100%| E|CS|TAMS 0x0000000089900000, 0x0000000089900000| Complete 
| 154|0x0000000089a00000, 0x0000000089b00000, 0x0000000089b00000|100%| E|CS|TAMS 0x0000000089a00000, 0x0000000089a00000| Complete 
| 155|0x0000000089b00000, 0x0000000089c00000, 0x0000000089c00000|100%| E|CS|TAMS 0x0000000089b00000, 0x0000000089b00000| Complete 
| 156|0x0000000089c00000, 0x0000000089d00000, 0x0000000089d00000|100%| E|CS|TAMS 0x0000000089c00000, 0x0000000089c00000| Complete 
| 157|0x0000000089d00000, 0x0000000089e00000, 0x0000000089e00000|100%| E|CS|TAMS 0x0000000089d00000, 0x0000000089d00000| Complete 
| 158|0x0000000089e00000, 0x0000000089f00000, 0x0000000089f00000|100%| E|CS|TAMS 0x0000000089e00000, 0x0000000089e00000| Complete 
| 159|0x0000000089f00000, 0x000000008a000000, 0x000000008a000000|100%| E|CS|TAMS 0x0000000089f00000, 0x0000000089f00000| Complete 
| 160|0x000000008a000000, 0x000000008a100000, 0x000000008a100000|100%| E|CS|TAMS 0x000000008a000000, 0x000000008a000000| Complete 
| 161|0x000000008a100000, 0x000000008a200000, 0x000000008a200000|100%| E|CS|TAMS 0x000000008a100000, 0x000000008a100000| Complete 
| 162|0x000000008a200000, 0x000000008a300000, 0x000000008a300000|100%| E|CS|TAMS 0x000000008a200000, 0x000000008a200000| Complete 
| 163|0x000000008a300000, 0x000000008a400000, 0x000000008a400000|100%| E|CS|TAMS 0x000000008a300000, 0x000000008a300000| Complete 
| 164|0x000000008a400000, 0x000000008a500000, 0x000000008a500000|100%| E|CS|TAMS 0x000000008a400000, 0x000000008a400000| Complete 
| 165|0x000000008a500000, 0x000000008a600000, 0x000000008a600000|100%| E|CS|TAMS 0x000000008a500000, 0x000000008a500000| Complete 
| 166|0x000000008a600000, 0x000000008a700000, 0x000000008a700000|100%| E|CS|TAMS 0x000000008a600000, 0x000000008a600000| Complete 
| 167|0x000000008a700000, 0x000000008a800000, 0x000000008a800000|100%| E|CS|TAMS 0x000000008a700000, 0x000000008a700000| Complete 
| 168|0x000000008a800000, 0x000000008a900000, 0x000000008a900000|100%| E|CS|TAMS 0x000000008a800000, 0x000000008a800000| Complete 
| 169|0x000000008a900000, 0x000000008aa00000, 0x000000008aa00000|100%| E|CS|TAMS 0x000000008a900000, 0x000000008a900000| Complete 
| 170|0x000000008aa00000, 0x000000008ab00000, 0x000000008ab00000|100%| E|CS|TAMS 0x000000008aa00000, 0x000000008aa00000| Complete 
| 171|0x000000008ab00000, 0x000000008ac00000, 0x000000008ac00000|100%| E|CS|TAMS 0x000000008ab00000, 0x000000008ab00000| Complete 
| 172|0x000000008ac00000, 0x000000008ad00000, 0x000000008ad00000|100%| E|CS|TAMS 0x000000008ac00000, 0x000000008ac00000| Complete 
| 173|0x000000008ad00000, 0x000000008ae00000, 0x000000008ae00000|100%| E|CS|TAMS 0x000000008ad00000, 0x000000008ad00000| Complete 
| 174|0x000000008ae00000, 0x000000008af00000, 0x000000008af00000|100%| E|CS|TAMS 0x000000008ae00000, 0x000000008ae00000| Complete 
| 175|0x000000008af00000, 0x000000008b000000, 0x000000008b000000|100%| E|CS|TAMS 0x000000008af00000, 0x000000008af00000| Complete 
| 176|0x000000008b000000, 0x000000008b100000, 0x000000008b100000|100%| E|CS|TAMS 0x000000008b000000, 0x000000008b000000| Complete 
| 177|0x000000008b100000, 0x000000008b200000, 0x000000008b200000|100%| E|CS|TAMS 0x000000008b100000, 0x000000008b100000| Complete 
| 178|0x000000008b200000, 0x000000008b300000, 0x000000008b300000|100%| E|CS|TAMS 0x000000008b200000, 0x000000008b200000| Complete 
| 179|0x000000008b300000, 0x000000008b400000, 0x000000008b400000|100%| E|CS|TAMS 0x000000008b300000, 0x000000008b300000| Complete 
| 180|0x000000008b400000, 0x000000008b500000, 0x000000008b500000|100%| E|CS|TAMS 0x000000008b400000, 0x000000008b400000| Complete 
| 181|0x000000008b500000, 0x000000008b600000, 0x000000008b600000|100%| E|CS|TAMS 0x000000008b500000, 0x000000008b500000| Complete 
| 182|0x000000008b600000, 0x000000008b700000, 0x000000008b700000|100%| E|CS|TAMS 0x000000008b600000, 0x000000008b600000| Complete 
| 183|0x000000008b700000, 0x000000008b800000, 0x000000008b800000|100%| E|CS|TAMS 0x000000008b700000, 0x000000008b700000| Complete 
| 184|0x000000008b800000, 0x000000008b900000, 0x000000008b900000|100%| E|CS|TAMS 0x000000008b800000, 0x000000008b800000| Complete 
| 185|0x000000008b900000, 0x000000008ba00000, 0x000000008ba00000|100%| E|CS|TAMS 0x000000008b900000, 0x000000008b900000| Complete 
| 186|0x000000008ba00000, 0x000000008bb00000, 0x000000008bb00000|100%| E|CS|TAMS 0x000000008ba00000, 0x000000008ba00000| Complete 
| 187|0x000000008bb00000, 0x000000008bc00000, 0x000000008bc00000|100%| E|CS|TAMS 0x000000008bb00000, 0x000000008bb00000| Complete 
| 188|0x000000008bc00000, 0x000000008bd00000, 0x000000008bd00000|100%| E|CS|TAMS 0x000000008bc00000, 0x000000008bc00000| Complete 
| 189|0x000000008bd00000, 0x000000008be00000, 0x000000008be00000|100%| E|CS|TAMS 0x000000008bd00000, 0x000000008bd00000| Complete 
| 190|0x000000008be00000, 0x000000008bf00000, 0x000000008bf00000|100%| E|CS|TAMS 0x000000008be00000, 0x000000008be00000| Complete 
| 191|0x000000008bf00000, 0x000000008c000000, 0x000000008c000000|100%| E|CS|TAMS 0x000000008bf00000, 0x000000008bf00000| Complete 
| 192|0x000000008c000000, 0x000000008c100000, 0x000000008c100000|100%| E|CS|TAMS 0x000000008c000000, 0x000000008c000000| Complete 
| 193|0x000000008c100000, 0x000000008c200000, 0x000000008c200000|100%| E|CS|TAMS 0x000000008c100000, 0x000000008c100000| Complete 
| 194|0x000000008c200000, 0x000000008c300000, 0x000000008c300000|100%| E|CS|TAMS 0x000000008c200000, 0x000000008c200000| Complete 
| 195|0x000000008c300000, 0x000000008c400000, 0x000000008c400000|100%| E|CS|TAMS 0x000000008c300000, 0x000000008c300000| Complete 
| 196|0x000000008c400000, 0x000000008c500000, 0x000000008c500000|100%| E|CS|TAMS 0x000000008c400000, 0x000000008c400000| Complete 
| 197|0x000000008c500000, 0x000000008c600000, 0x000000008c600000|100%| E|CS|TAMS 0x000000008c500000, 0x000000008c500000| Complete 
| 198|0x000000008c600000, 0x000000008c700000, 0x000000008c700000|100%| E|CS|TAMS 0x000000008c600000, 0x000000008c600000| Complete 
| 199|0x000000008c700000, 0x000000008c800000, 0x000000008c800000|100%| E|CS|TAMS 0x000000008c700000, 0x000000008c700000| Complete 
| 200|0x000000008c800000, 0x000000008c900000, 0x000000008c900000|100%| E|CS|TAMS 0x000000008c800000, 0x000000008c800000| Complete 
| 201|0x000000008c900000, 0x000000008ca00000, 0x000000008ca00000|100%| E|CS|TAMS 0x000000008c900000, 0x000000008c900000| Complete 
| 202|0x000000008ca00000, 0x000000008cb00000, 0x000000008cb00000|100%| E|CS|TAMS 0x000000008ca00000, 0x000000008ca00000| Complete 
| 203|0x000000008cb00000, 0x000000008cc00000, 0x000000008cc00000|100%| E|CS|TAMS 0x000000008cb00000, 0x000000008cb00000| Complete 
| 204|0x000000008cc00000, 0x000000008cd00000, 0x000000008cd00000|100%| E|CS|TAMS 0x000000008cc00000, 0x000000008cc00000| Complete 
| 205|0x000000008cd00000, 0x000000008ce00000, 0x000000008ce00000|100%| E|CS|TAMS 0x000000008cd00000, 0x000000008cd00000| Complete 
| 206|0x000000008ce00000, 0x000000008cf00000, 0x000000008cf00000|100%| E|CS|TAMS 0x000000008ce00000, 0x000000008ce00000| Complete 
| 207|0x000000008cf00000, 0x000000008d000000, 0x000000008d000000|100%| E|CS|TAMS 0x000000008cf00000, 0x000000008cf00000| Complete 
| 208|0x000000008d000000, 0x000000008d100000, 0x000000008d100000|100%| E|CS|TAMS 0x000000008d000000, 0x000000008d000000| Complete 
| 209|0x000000008d100000, 0x000000008d200000, 0x000000008d200000|100%| E|CS|TAMS 0x000000008d100000, 0x000000008d100000| Complete 
| 210|0x000000008d200000, 0x000000008d300000, 0x000000008d300000|100%| E|CS|TAMS 0x000000008d200000, 0x000000008d200000| Complete 
| 211|0x000000008d300000, 0x000000008d400000, 0x000000008d400000|100%| E|CS|TAMS 0x000000008d300000, 0x000000008d300000| Complete 
| 212|0x000000008d400000, 0x000000008d500000, 0x000000008d500000|100%| E|CS|TAMS 0x000000008d400000, 0x000000008d400000| Complete 
| 213|0x000000008d500000, 0x000000008d600000, 0x000000008d600000|100%| E|CS|TAMS 0x000000008d500000, 0x000000008d500000| Complete 
| 214|0x000000008d600000, 0x000000008d700000, 0x000000008d700000|100%| E|CS|TAMS 0x000000008d600000, 0x000000008d600000| Complete 
| 215|0x000000008d700000, 0x000000008d800000, 0x000000008d800000|100%| E|CS|TAMS 0x000000008d700000, 0x000000008d700000| Complete 
| 216|0x000000008d800000, 0x000000008d900000, 0x000000008d900000|100%| E|CS|TAMS 0x000000008d800000, 0x000000008d800000| Complete 
| 217|0x000000008d900000, 0x000000008da00000, 0x000000008da00000|100%| E|CS|TAMS 0x000000008d900000, 0x000000008d900000| Complete 
| 218|0x000000008da00000, 0x000000008db00000, 0x000000008db00000|100%| E|CS|TAMS 0x000000008da00000, 0x000000008da00000| Complete 
| 219|0x000000008db00000, 0x000000008dc00000, 0x000000008dc00000|100%| E|CS|TAMS 0x000000008db00000, 0x000000008db00000| Complete 
| 220|0x000000008dc00000, 0x000000008dd00000, 0x000000008dd00000|100%| E|CS|TAMS 0x000000008dc00000, 0x000000008dc00000| Complete 
| 221|0x000000008dd00000, 0x000000008de00000, 0x000000008de00000|100%| E|CS|TAMS 0x000000008dd00000, 0x000000008dd00000| Complete 
| 222|0x000000008de00000, 0x000000008df00000, 0x000000008df00000|100%| E|CS|TAMS 0x000000008de00000, 0x000000008de00000| Complete 
| 223|0x000000008df00000, 0x000000008e000000, 0x000000008e000000|100%| E|CS|TAMS 0x000000008df00000, 0x000000008df00000| Complete 
| 224|0x000000008e000000, 0x000000008e100000, 0x000000008e100000|100%| E|CS|TAMS 0x000000008e000000, 0x000000008e000000| Complete 
| 225|0x000000008e100000, 0x000000008e200000, 0x000000008e200000|100%| E|CS|TAMS 0x000000008e100000, 0x000000008e100000| Complete 
| 226|0x000000008e200000, 0x000000008e300000, 0x000000008e300000|100%| E|CS|TAMS 0x000000008e200000, 0x000000008e200000| Complete 
| 227|0x000000008e300000, 0x000000008e400000, 0x000000008e400000|100%| E|CS|TAMS 0x000000008e300000, 0x000000008e300000| Complete 
| 228|0x000000008e400000, 0x000000008e500000, 0x000000008e500000|100%| E|CS|TAMS 0x000000008e400000, 0x000000008e400000| Complete 
| 229|0x000000008e500000, 0x000000008e600000, 0x000000008e600000|100%| E|CS|TAMS 0x000000008e500000, 0x000000008e500000| Complete 
| 230|0x000000008e600000, 0x000000008e700000, 0x000000008e700000|100%| E|CS|TAMS 0x000000008e600000, 0x000000008e600000| Complete 
| 231|0x000000008e700000, 0x000000008e800000, 0x000000008e800000|100%| E|CS|TAMS 0x000000008e700000, 0x000000008e700000| Complete 
| 232|0x000000008e800000, 0x000000008e900000, 0x000000008e900000|100%| E|CS|TAMS 0x000000008e800000, 0x000000008e800000| Complete 
| 233|0x000000008e900000, 0x000000008ea00000, 0x000000008ea00000|100%| E|CS|TAMS 0x000000008e900000, 0x000000008e900000| Complete 
| 234|0x000000008ea00000, 0x000000008eb00000, 0x000000008eb00000|100%| E|CS|TAMS 0x000000008ea00000, 0x000000008ea00000| Complete 
| 235|0x000000008eb00000, 0x000000008ec00000, 0x000000008ec00000|100%| E|CS|TAMS 0x000000008eb00000, 0x000000008eb00000| Complete 
| 236|0x000000008ec00000, 0x000000008ed00000, 0x000000008ed00000|100%| E|CS|TAMS 0x000000008ec00000, 0x000000008ec00000| Complete 
| 237|0x000000008ed00000, 0x000000008ee00000, 0x000000008ee00000|100%| E|CS|TAMS 0x000000008ed00000, 0x000000008ed00000| Complete 
| 238|0x000000008ee00000, 0x000000008ef00000, 0x000000008ef00000|100%| E|CS|TAMS 0x000000008ee00000, 0x000000008ee00000| Complete 
| 239|0x000000008ef00000, 0x000000008f000000, 0x000000008f000000|100%| E|CS|TAMS 0x000000008ef00000, 0x000000008ef00000| Complete 
| 240|0x000000008f000000, 0x000000008f100000, 0x000000008f100000|100%| E|CS|TAMS 0x000000008f000000, 0x000000008f000000| Complete 
| 241|0x000000008f100000, 0x000000008f200000, 0x000000008f200000|100%| E|CS|TAMS 0x000000008f100000, 0x000000008f100000| Complete 
| 242|0x000000008f200000, 0x000000008f300000, 0x000000008f300000|100%| E|CS|TAMS 0x000000008f200000, 0x000000008f200000| Complete 
| 243|0x000000008f300000, 0x000000008f400000, 0x000000008f400000|100%| E|CS|TAMS 0x000000008f300000, 0x000000008f300000| Complete 
| 244|0x000000008f400000, 0x000000008f500000, 0x000000008f500000|100%| E|CS|TAMS 0x000000008f400000, 0x000000008f400000| Complete 
| 245|0x000000008f500000, 0x000000008f600000, 0x000000008f600000|100%| E|CS|TAMS 0x000000008f500000, 0x000000008f500000| Complete 
| 246|0x000000008f600000, 0x000000008f700000, 0x000000008f700000|100%| E|CS|TAMS 0x000000008f600000, 0x000000008f600000| Complete 
| 247|0x000000008f700000, 0x000000008f800000, 0x000000008f800000|100%| E|CS|TAMS 0x000000008f700000, 0x000000008f700000| Complete 
| 248|0x000000008f800000, 0x000000008f900000, 0x000000008f900000|100%| E|CS|TAMS 0x000000008f800000, 0x000000008f800000| Complete 
| 249|0x000000008f900000, 0x000000008fa00000, 0x000000008fa00000|100%| E|CS|TAMS 0x000000008f900000, 0x000000008f900000| Complete 
| 250|0x000000008fa00000, 0x000000008fb00000, 0x000000008fb00000|100%| E|CS|TAMS 0x000000008fa00000, 0x000000008fa00000| Complete 
| 251|0x000000008fb00000, 0x000000008fc00000, 0x000000008fc00000|100%| E|CS|TAMS 0x000000008fb00000, 0x000000008fb00000| Complete 
| 252|0x000000008fc00000, 0x000000008fd00000, 0x000000008fd00000|100%| E|CS|TAMS 0x000000008fc00000, 0x000000008fc00000| Complete 
| 253|0x000000008fd00000, 0x000000008fe00000, 0x000000008fe00000|100%| E|CS|TAMS 0x000000008fd00000, 0x000000008fd00000| Complete 
| 254|0x000000008fe00000, 0x000000008ff00000, 0x000000008ff00000|100%| E|CS|TAMS 0x000000008fe00000, 0x000000008fe00000| Complete 
| 255|0x000000008ff00000, 0x0000000090000000, 0x0000000090000000|100%| E|CS|TAMS 0x000000008ff00000, 0x000000008ff00000| Complete 
| 256|0x0000000090000000, 0x0000000090100000, 0x0000000090100000|100%| E|CS|TAMS 0x0000000090000000, 0x0000000090000000| Complete 
| 257|0x0000000090100000, 0x0000000090200000, 0x0000000090200000|100%| E|CS|TAMS 0x0000000090100000, 0x0000000090100000| Complete 
| 258|0x0000000090200000, 0x0000000090300000, 0x0000000090300000|100%| E|CS|TAMS 0x0000000090200000, 0x0000000090200000| Complete 
| 259|0x0000000090300000, 0x0000000090400000, 0x0000000090400000|100%| E|CS|TAMS 0x0000000090300000, 0x0000000090300000| Complete 
| 260|0x0000000090400000, 0x0000000090500000, 0x0000000090500000|100%| E|CS|TAMS 0x0000000090400000, 0x0000000090400000| Complete 
| 261|0x0000000090500000, 0x0000000090600000, 0x0000000090600000|100%| E|CS|TAMS 0x0000000090500000, 0x0000000090500000| Complete 
| 262|0x0000000090600000, 0x0000000090700000, 0x0000000090700000|100%| E|CS|TAMS 0x0000000090600000, 0x0000000090600000| Complete 
| 263|0x0000000090700000, 0x0000000090800000, 0x0000000090800000|100%| E|CS|TAMS 0x0000000090700000, 0x0000000090700000| Complete 
| 264|0x0000000090800000, 0x0000000090900000, 0x0000000090900000|100%| E|CS|TAMS 0x0000000090800000, 0x0000000090800000| Complete 
| 265|0x0000000090900000, 0x0000000090a00000, 0x0000000090a00000|100%| E|CS|TAMS 0x0000000090900000, 0x0000000090900000| Complete 
| 266|0x0000000090a00000, 0x0000000090b00000, 0x0000000090b00000|100%| E|CS|TAMS 0x0000000090a00000, 0x0000000090a00000| Complete 
| 267|0x0000000090b00000, 0x0000000090c00000, 0x0000000090c00000|100%| E|CS|TAMS 0x0000000090b00000, 0x0000000090b00000| Complete 
| 268|0x0000000090c00000, 0x0000000090d00000, 0x0000000090d00000|100%| E|CS|TAMS 0x0000000090c00000, 0x0000000090c00000| Complete 
| 269|0x0000000090d00000, 0x0000000090e00000, 0x0000000090e00000|100%| E|CS|TAMS 0x0000000090d00000, 0x0000000090d00000| Complete 
| 270|0x0000000090e00000, 0x0000000090f00000, 0x0000000090f00000|100%| E|CS|TAMS 0x0000000090e00000, 0x0000000090e00000| Complete 
| 271|0x0000000090f00000, 0x0000000091000000, 0x0000000091000000|100%| E|CS|TAMS 0x0000000090f00000, 0x0000000090f00000| Complete 
| 272|0x0000000091000000, 0x0000000091100000, 0x0000000091100000|100%| E|CS|TAMS 0x0000000091000000, 0x0000000091000000| Complete 
| 273|0x0000000091100000, 0x0000000091200000, 0x0000000091200000|100%| E|CS|TAMS 0x0000000091100000, 0x0000000091100000| Complete 
| 274|0x0000000091200000, 0x0000000091300000, 0x0000000091300000|100%| E|CS|TAMS 0x0000000091200000, 0x0000000091200000| Complete 
| 275|0x0000000091300000, 0x0000000091400000, 0x0000000091400000|100%| E|CS|TAMS 0x0000000091300000, 0x0000000091300000| Complete 
| 276|0x0000000091400000, 0x0000000091500000, 0x0000000091500000|100%| E|CS|TAMS 0x0000000091400000, 0x0000000091400000| Complete 
| 277|0x0000000091500000, 0x0000000091600000, 0x0000000091600000|100%| E|CS|TAMS 0x0000000091500000, 0x0000000091500000| Complete 
| 278|0x0000000091600000, 0x0000000091700000, 0x0000000091700000|100%| E|CS|TAMS 0x0000000091600000, 0x0000000091600000| Complete 
| 279|0x0000000091700000, 0x0000000091800000, 0x0000000091800000|100%| E|CS|TAMS 0x0000000091700000, 0x0000000091700000| Complete 
| 280|0x0000000091800000, 0x0000000091900000, 0x0000000091900000|100%| E|CS|TAMS 0x0000000091800000, 0x0000000091800000| Complete 
| 281|0x0000000091900000, 0x0000000091a00000, 0x0000000091a00000|100%| E|CS|TAMS 0x0000000091900000, 0x0000000091900000| Complete 
| 282|0x0000000091a00000, 0x0000000091b00000, 0x0000000091b00000|100%| E|CS|TAMS 0x0000000091a00000, 0x0000000091a00000| Complete 
| 283|0x0000000091b00000, 0x0000000091c00000, 0x0000000091c00000|100%| E|CS|TAMS 0x0000000091b00000, 0x0000000091b00000| Complete 
| 284|0x0000000091c00000, 0x0000000091d00000, 0x0000000091d00000|100%| E|CS|TAMS 0x0000000091c00000, 0x0000000091c00000| Complete 
| 285|0x0000000091d00000, 0x0000000091e00000, 0x0000000091e00000|100%| E|CS|TAMS 0x0000000091d00000, 0x0000000091d00000| Complete 
| 286|0x0000000091e00000, 0x0000000091f00000, 0x0000000091f00000|100%| E|CS|TAMS 0x0000000091e00000, 0x0000000091e00000| Complete 
| 287|0x0000000091f00000, 0x0000000092000000, 0x0000000092000000|100%| E|CS|TAMS 0x0000000091f00000, 0x0000000091f00000| Complete 
| 288|0x0000000092000000, 0x0000000092100000, 0x0000000092100000|100%| E|CS|TAMS 0x0000000092000000, 0x0000000092000000| Complete 
| 289|0x0000000092100000, 0x0000000092200000, 0x0000000092200000|100%| E|CS|TAMS 0x0000000092100000, 0x0000000092100000| Complete 
| 290|0x0000000092200000, 0x0000000092300000, 0x0000000092300000|100%| E|CS|TAMS 0x0000000092200000, 0x0000000092200000| Complete 
| 291|0x0000000092300000, 0x0000000092400000, 0x0000000092400000|100%| E|CS|TAMS 0x0000000092300000, 0x0000000092300000| Complete 
| 292|0x0000000092400000, 0x0000000092500000, 0x0000000092500000|100%| E|CS|TAMS 0x0000000092400000, 0x0000000092400000| Complete 
| 293|0x0000000092500000, 0x0000000092600000, 0x0000000092600000|100%| E|CS|TAMS 0x0000000092500000, 0x0000000092500000| Complete 
| 294|0x0000000092600000, 0x0000000092700000, 0x0000000092700000|100%| E|CS|TAMS 0x0000000092600000, 0x0000000092600000| Complete 
| 295|0x0000000092700000, 0x0000000092800000, 0x0000000092800000|100%| E|CS|TAMS 0x0000000092700000, 0x0000000092700000| Complete 
| 296|0x0000000092800000, 0x0000000092900000, 0x0000000092900000|100%| E|CS|TAMS 0x0000000092800000, 0x0000000092800000| Complete 
| 297|0x0000000092900000, 0x0000000092a00000, 0x0000000092a00000|100%| E|CS|TAMS 0x0000000092900000, 0x0000000092900000| Complete 
| 298|0x0000000092a00000, 0x0000000092b00000, 0x0000000092b00000|100%| E|CS|TAMS 0x0000000092a00000, 0x0000000092a00000| Complete 
| 299|0x0000000092b00000, 0x0000000092c00000, 0x0000000092c00000|100%| E|CS|TAMS 0x0000000092b00000, 0x0000000092b00000| Complete 
| 300|0x0000000092c00000, 0x0000000092d00000, 0x0000000092d00000|100%| E|CS|TAMS 0x0000000092c00000, 0x0000000092c00000| Complete 
| 301|0x0000000092d00000, 0x0000000092e00000, 0x0000000092e00000|100%| E|CS|TAMS 0x0000000092d00000, 0x0000000092d00000| Complete 
| 302|0x0000000092e00000, 0x0000000092f00000, 0x0000000092f00000|100%| E|CS|TAMS 0x0000000092e00000, 0x0000000092e00000| Complete 
| 303|0x0000000092f00000, 0x0000000093000000, 0x0000000093000000|100%| E|CS|TAMS 0x0000000092f00000, 0x0000000092f00000| Complete 
| 304|0x0000000093000000, 0x0000000093100000, 0x0000000093100000|100%| E|CS|TAMS 0x0000000093000000, 0x0000000093000000| Complete 
| 305|0x0000000093100000, 0x0000000093200000, 0x0000000093200000|100%| E|CS|TAMS 0x0000000093100000, 0x0000000093100000| Complete 
| 306|0x0000000093200000, 0x0000000093300000, 0x0000000093300000|100%| E|CS|TAMS 0x0000000093200000, 0x0000000093200000| Complete 
| 307|0x0000000093300000, 0x0000000093400000, 0x0000000093400000|100%| E|CS|TAMS 0x0000000093300000, 0x0000000093300000| Complete 
| 308|0x0000000093400000, 0x0000000093500000, 0x0000000093500000|100%| E|CS|TAMS 0x0000000093400000, 0x0000000093400000| Complete 
| 309|0x0000000093500000, 0x0000000093600000, 0x0000000093600000|100%| E|CS|TAMS 0x0000000093500000, 0x0000000093500000| Complete 
| 310|0x0000000093600000, 0x0000000093700000, 0x0000000093700000|100%| E|CS|TAMS 0x0000000093600000, 0x0000000093600000| Complete 
| 311|0x0000000093700000, 0x0000000093800000, 0x0000000093800000|100%| E|CS|TAMS 0x0000000093700000, 0x0000000093700000| Complete 
| 312|0x0000000093800000, 0x0000000093900000, 0x0000000093900000|100%| E|CS|TAMS 0x0000000093800000, 0x0000000093800000| Complete 
| 313|0x0000000093900000, 0x0000000093a00000, 0x0000000093a00000|100%| E|CS|TAMS 0x0000000093900000, 0x0000000093900000| Complete 
| 314|0x0000000093a00000, 0x0000000093b00000, 0x0000000093b00000|100%| E|CS|TAMS 0x0000000093a00000, 0x0000000093a00000| Complete 
| 315|0x0000000093b00000, 0x0000000093c00000, 0x0000000093c00000|100%| E|CS|TAMS 0x0000000093b00000, 0x0000000093b00000| Complete 
| 316|0x0000000093c00000, 0x0000000093d00000, 0x0000000093d00000|100%| E|CS|TAMS 0x0000000093c00000, 0x0000000093c00000| Complete 
| 317|0x0000000093d00000, 0x0000000093e00000, 0x0000000093e00000|100%| E|CS|TAMS 0x0000000093d00000, 0x0000000093d00000| Complete 
| 318|0x0000000093e00000, 0x0000000093f00000, 0x0000000093f00000|100%| E|CS|TAMS 0x0000000093e00000, 0x0000000093e00000| Complete 
| 319|0x0000000093f00000, 0x0000000094000000, 0x0000000094000000|100%| E|CS|TAMS 0x0000000093f00000, 0x0000000093f00000| Complete 
| 320|0x0000000094000000, 0x0000000094100000, 0x0000000094100000|100%| E|CS|TAMS 0x0000000094000000, 0x0000000094000000| Complete 
| 321|0x0000000094100000, 0x0000000094200000, 0x0000000094200000|100%| E|CS|TAMS 0x0000000094100000, 0x0000000094100000| Complete 
| 322|0x0000000094200000, 0x0000000094300000, 0x0000000094300000|100%| E|CS|TAMS 0x0000000094200000, 0x0000000094200000| Complete 
| 323|0x0000000094300000, 0x0000000094400000, 0x0000000094400000|100%| E|CS|TAMS 0x0000000094300000, 0x0000000094300000| Complete 

Card table byte_map: [0x0000018bc1120000,0x0000018bc1520000] _byte_map_base: 0x0000018bc0d20000

Marking Bits (Prev, Next): (CMBitMap*) 0x0000018bada0e2e0, (CMBitMap*) 0x0000018bada0e2a8
 Prev Bits: [0x0000018bc3920000, 0x0000018bc5920000)
 Next Bits: [0x0000018bc1920000, 0x0000018bc3920000)

Polling page: 0x0000018bab900000

Metaspace:

Usage:
  Non-class:     38.70 MB capacity,    37.99 MB ( 98%) used,   620.65 KB (  2%) free+waste,   112.50 KB ( <1%) overhead. 
      Class:      5.89 MB capacity,     5.48 MB ( 93%) used,   359.17 KB (  6%) free+waste,    53.94 KB ( <1%) overhead. 
       Both:     44.59 MB capacity,    43.47 MB ( 97%) used,   979.82 KB (  2%) free+waste,   166.44 KB ( <1%) overhead. 

Virtual space:
  Non-class space:       40.00 MB reserved,      38.83 MB ( 97%) committed 
      Class space:        1.00 GB reserved,       5.95 MB ( <1%) committed 
             Both:        1.04 GB reserved,      44.78 MB (  4%) committed 

Chunk freelists:
   Non-Class:  2.00 KB
       Class:  19.00 KB
        Both:  21.00 KB

MaxMetaspaceSize: 17179869184.00 GB
CompressedClassSpaceSize: 1.00 GB
Initial GC threshold: 20.80 MB
Current GC threshold: 74.21 MB
CDS: off

CodeHeap 'non-profiled nmethods': size=119168Kb used=5802Kb max_used=5802Kb free=113366Kb
 bounds [0x0000018bb9040000, 0x0000018bb95f0000, 0x0000018bc04a0000]
CodeHeap 'profiled nmethods': size=119168Kb used=12302Kb max_used=12302Kb free=106865Kb
 bounds [0x0000018bb1be0000, 0x0000018bb27f0000, 0x0000018bb9040000]
CodeHeap 'non-nmethods': size=7424Kb used=3972Kb max_used=4093Kb free=3451Kb
 bounds [0x0000018bb14a0000, 0x0000018bb18b0000, 0x0000018bb1be0000]
 total_blobs=5985 nmethods=5202 adapters=692
 compilation: enabled
              stopped_count=0, restarted_count=0
 full_count=0

Compilation events (20 events):
Event: 23.022 Thread 0x0000018bca9bd000 nmethod 5256 0x0000018bb27c0010 code [0x0000018bb27c02a0, 0x0000018bb27c1038]
Event: 23.026 Thread 0x0000018bc9184000 nmethod 5254 0x0000018bb95d9f10 code [0x0000018bb95da0c0, 0x0000018bb95da418]
Event: 23.050 Thread 0x0000018bcec70000 nmethod 5246 0x0000018bb95da590 code [0x0000018bb95dac20, 0x0000018bb95df9e8]
Event: 23.067 Thread 0x0000018bcec6e800 nmethod 5251 0x0000018bb95e3010 code [0x0000018bb95e33a0, 0x0000018bb95e6fe8]
Event: 23.087 Thread 0x0000018bc9187000 5259       3       org.objectweb.asm.ClassWriter::toByteArray (1535 bytes)
Event: 23.089 Thread 0x0000018bca7aa000 5260 %     3       org.objectweb.asm.ClassReader::accept @ 1352 (1412 bytes)
Event: 23.096 Thread 0x0000018bc9187000 nmethod 5259 0x0000018bb27c1510 code [0x0000018bb27c1e00, 0x0000018bb27c5ba8]
Event: 23.117 Thread 0x0000018bca7aa000 nmethod 5260% 0x0000018bb27c7c10 code [0x0000018bb27c87e0, 0x0000018bb27d0db8]
Event: 23.120 Thread 0x0000018bc9fe5000 5261       3       org.objectweb.asm.ClassReader::accept (1412 bytes)
Event: 23.139 Thread 0x0000018bc9fe5000 nmethod 5261 0x0000018bb27d5410 code [0x0000018bb27d5fe0, 0x0000018bb27de498]
Event: 23.143 Thread 0x0000018bcec74000 5262       4       org.objectweb.asm.ClassWriter::toByteArray (1535 bytes)
Event: 23.177 Thread 0x0000018bcec73800 5263       4       org.objectweb.asm.ClassReader::accept (1412 bytes)
Event: 23.192 Thread 0x0000018bca9bd000 5264       3       org.gradle.internal.classpath.InstrumentingTransformer$InstrumentingVisitor::visitMethod (88 bytes)
Event: 23.193 Thread 0x0000018bc9184000 5265       4       org.gradle.internal.classpath.InstrumentingTransformer$InstrumentingMethodVisitor::<init> (19 bytes)
Event: 23.194 Thread 0x0000018bca9bd000 nmethod 5264 0x0000018bb27e2a10 code [0x0000018bb27e2c80, 0x0000018bb27e3608]
Event: 23.197 Thread 0x0000018bc9184000 nmethod 5265 0x0000018bb95e8990 code [0x0000018bb95e8b20, 0x0000018bb95e8dd8]
Event: 23.235 Thread 0x0000018bcec70000 5266       4       org.gradle.internal.classpath.InstrumentingTransformer$InstrumentingVisitor::visitMethod (88 bytes)
Event: 23.265 Thread 0x0000018bcec70000 nmethod 5266 0x0000018bb95e8e90 code [0x0000018bb95e90c0, 0x0000018bb95e9f50]
Event: 23.274 Thread 0x0000018bc9184000 5267       4       org.gradle.internal.classpath.InstrumentingTransformer$MethodVisitorScope::<init> (8 bytes)
Event: 23.276 Thread 0x0000018bc9184000 nmethod 5267 0x0000018bb95ea490 code [0x0000018bb95ea620, 0x0000018bb95ea758]

GC Heap History (20 events):
Event: 21.075 GC heap after
{Heap after GC invocations=40 (full 0):
 garbage-first heap   total 226304K, used 78791K [0x0000000080000000, 0x0000000100000000)
  region size 1024K, 5 young (5120K), 5 survivors (5120K)
 Metaspace       used 44447K, capacity 45563K, committed 45852K, reserved 1089536K
  class space    used 5605K, capacity 5997K, committed 6092K, reserved 1048576K
}
Event: 21.267 GC heap before
{Heap before GC invocations=40 (full 0):
 garbage-first heap   total 226304K, used 191431K [0x0000000080000000, 0x0000000100000000)
  region size 1024K, 110 young (112640K), 5 survivors (5120K)
 Metaspace       used 44449K, capacity 45563K, committed 45852K, reserved 1089536K
  class space    used 5605K, capacity 5997K, committed 6092K, reserved 1048576K
}
Event: 21.272 GC heap after
{Heap after GC invocations=41 (full 0):
 garbage-first heap   total 226304K, used 79376K [0x0000000080000000, 0x0000000100000000)
  region size 1024K, 5 young (5120K), 5 survivors (5120K)
 Metaspace       used 44449K, capacity 45563K, committed 45852K, reserved 1089536K
  class space    used 5605K, capacity 5997K, committed 6092K, reserved 1048576K
}
Event: 21.513 GC heap before
{Heap before GC invocations=41 (full 0):
 garbage-first heap   total 226304K, used 185872K [0x0000000080000000, 0x0000000100000000)
  region size 1024K, 110 young (112640K), 5 survivors (5120K)
 Metaspace       used 44450K, capacity 45563K, committed 45852K, reserved 1089536K
  class space    used 5605K, capacity 5997K, committed 6092K, reserved 1048576K
}
Event: 21.520 GC heap after
{Heap after GC invocations=42 (full 0):
 garbage-first heap   total 276480K, used 80538K [0x0000000080000000, 0x0000000100000000)
  region size 1024K, 7 young (7168K), 7 survivors (7168K)
 Metaspace       used 44450K, capacity 45563K, committed 45852K, reserved 1089536K
  class space    used 5605K, capacity 5997K, committed 6092K, reserved 1048576K
}
Event: 21.755 GC heap before
{Heap before GC invocations=42 (full 0):
 garbage-first heap   total 276480K, used 208538K [0x0000000080000000, 0x0000000100000000)
  region size 1024K, 133 young (136192K), 7 survivors (7168K)
 Metaspace       used 44459K, capacity 45563K, committed 45852K, reserved 1089536K
  class space    used 5606K, capacity 5997K, committed 6092K, reserved 1048576K
}
Event: 21.761 GC heap after
{Heap after GC invocations=43 (full 0):
 garbage-first heap   total 276480K, used 82051K [0x0000000080000000, 0x0000000100000000)
  region size 1024K, 8 young (8192K), 8 survivors (8192K)
 Metaspace       used 44459K, capacity 45563K, committed 45852K, reserved 1089536K
  class space    used 5606K, capacity 5997K, committed 6092K, reserved 1048576K
}
Event: 21.990 GC heap before
{Heap before GC invocations=43 (full 0):
 garbage-first heap   total 276480K, used 235651K [0x0000000080000000, 0x0000000100000000)
  region size 1024K, 159 young (162816K), 8 survivors (8192K)
 Metaspace       used 44459K, capacity 45563K, committed 45852K, reserved 1089536K
  class space    used 5606K, capacity 5997K, committed 6092K, reserved 1048576K
}
Event: 21.997 GC heap after
{Heap after GC invocations=44 (full 0):
 garbage-first heap   total 276480K, used 83086K [0x0000000080000000, 0x0000000100000000)
  region size 1024K, 9 young (9216K), 9 survivors (9216K)
 Metaspace       used 44459K, capacity 45563K, committed 45852K, reserved 1089536K
  class space    used 5606K, capacity 5997K, committed 6092K, reserved 1048576K
}
Event: 22.206 GC heap before
{Heap before GC invocations=44 (full 0):
 garbage-first heap   total 276480K, used 235662K [0x0000000080000000, 0x0000000100000000)
  region size 1024K, 159 young (162816K), 9 survivors (9216K)
 Metaspace       used 44464K, capacity 45563K, committed 45852K, reserved 1089536K
  class space    used 5606K, capacity 5997K, committed 6092K, reserved 1048576K
}
Event: 22.216 GC heap after
{Heap after GC invocations=45 (full 0):
 garbage-first heap   total 276480K, used 84672K [0x0000000080000000, 0x0000000100000000)
  region size 1024K, 10 young (10240K), 10 survivors (10240K)
 Metaspace       used 44464K, capacity 45563K, committed 45852K, reserved 1089536K
  class space    used 5606K, capacity 5997K, committed 6092K, reserved 1048576K
}
Event: 22.426 GC heap before
{Heap before GC invocations=45 (full 0):
 garbage-first heap   total 276480K, used 238272K [0x0000000080000000, 0x0000000100000000)
  region size 1024K, 160 young (163840K), 10 survivors (10240K)
 Metaspace       used 44465K, capacity 45563K, committed 45852K, reserved 1089536K
  class space    used 5606K, capacity 5997K, committed 6092K, reserved 1048576K
}
Event: 22.436 GC heap after
{Heap after GC invocations=46 (full 0):
 garbage-first heap   total 331776K, used 84027K [0x0000000080000000, 0x0000000100000000)
  region size 1024K, 10 young (10240K), 10 survivors (10240K)
 Metaspace       used 44465K, capacity 45563K, committed 45852K, reserved 1089536K
  class space    used 5606K, capacity 5997K, committed 6092K, reserved 1048576K
}
Event: 22.621 GC heap before
{Heap before GC invocations=46 (full 0):
 garbage-first heap   total 331776K, used 264251K [0x0000000080000000, 0x0000000100000000)
  region size 1024K, 185 young (189440K), 10 survivors (10240K)
 Metaspace       used 44479K, capacity 45563K, committed 45852K, reserved 1089536K
  class space    used 5608K, capacity 5997K, committed 6092K, reserved 1048576K
}
Event: 22.630 GC heap after
{Heap after GC invocations=47 (full 0):
 garbage-first heap   total 331776K, used 87298K [0x0000000080000000, 0x0000000100000000)
  region size 1024K, 11 young (11264K), 11 survivors (11264K)
 Metaspace       used 44479K, capacity 45563K, committed 45852K, reserved 1089536K
  class space    used 5608K, capacity 5997K, committed 6092K, reserved 1048576K
}
Event: 22.855 GC heap before
{Heap before GC invocations=47 (full 0):
 garbage-first heap   total 331776K, used 274690K [0x0000000080000000, 0x0000000100000000)
  region size 1024K, 194 young (198656K), 11 survivors (11264K)
 Metaspace       used 44510K, capacity 45659K, committed 45852K, reserved 1089536K
  class space    used 5615K, capacity 6029K, committed 6092K, reserved 1048576K
}
Event: 22.866 GC heap after
{Heap after GC invocations=48 (full 0):
 garbage-first heap   total 331776K, used 87587K [0x0000000080000000, 0x0000000100000000)
  region size 1024K, 13 young (13312K), 13 survivors (13312K)
 Metaspace       used 44510K, capacity 45659K, committed 45852K, reserved 1089536K
  class space    used 5615K, capacity 6029K, committed 6092K, reserved 1048576K
}
Event: 23.105 GC heap before
{Heap before GC invocations=48 (full 0):
 garbage-first heap   total 331776K, used 274979K [0x0000000080000000, 0x0000000100000000)
  region size 1024K, 194 young (198656K), 13 survivors (13312K)
 Metaspace       used 44512K, capacity 45659K, committed 45852K, reserved 1089536K
  class space    used 5615K, capacity 6029K, committed 6092K, reserved 1048576K
}
Event: 23.116 GC heap after
{Heap after GC invocations=49 (full 0):
 garbage-first heap   total 331776K, used 89134K [0x0000000080000000, 0x0000000100000000)
  region size 1024K, 14 young (14336K), 14 survivors (14336K)
 Metaspace       used 44512K, capacity 45659K, committed 45852K, reserved 1089536K
  class space    used 5615K, capacity 6029K, committed 6092K, reserved 1048576K
}
Event: 23.376 GC heap before
{Heap before GC invocations=49 (full 0):
 garbage-first heap   total 331776K, used 273454K [0x0000000080000000, 0x0000000100000000)
  region size 1024K, 194 young (198656K), 14 survivors (14336K)
 Metaspace       used 44512K, capacity 45659K, committed 45852K, reserved 1089536K
  class space    used 5615K, capacity 6029K, committed 6092K, reserved 1048576K
}

Deoptimization events (20 events):
Event: 22.677 Thread 0x0000018bcc7b8800 Uncommon trap: trap_request=0xffffff4d fr.pc=0x0000018bb93c5424 relative=0x0000000000002d44
Event: 22.677 Thread 0x0000018bcc7b8800 Uncommon trap: reason=unstable_if action=reinterpret pc=0x0000018bb93c5424 method=org.apache.tools.zip.ZipOutputStream.writeDeflated([BII)V @ 105 c2
Event: 22.677 Thread 0x0000018bcc7b8800 DEOPT PACKING pc=0x0000018bb93c5424 sp=0x0000005f4c9fe2e0
Event: 22.677 Thread 0x0000018bcc7b8800 DEOPT UNPACKING pc=0x0000018bb14ea1af sp=0x0000005f4c9fe2e8 mode 2
Event: 22.957 Thread 0x0000018bcc7b0000 Uncommon trap: trap_request=0xffffff4d fr.pc=0x0000018bb94fc1c8 relative=0x00000000000010e8
Event: 22.957 Thread 0x0000018bcc7b0000 Uncommon trap: reason=unstable_if action=reinterpret pc=0x0000018bb94fc1c8 method=org.objectweb.asm.MethodWriter.visitLocalVariable(Ljava/lang/String;Ljava/lang/String;Ljava/lang/String;Lorg/objectweb/asm/Label;Lorg/objectweb/asm/Label;I)V @ 212 c2
Event: 22.957 Thread 0x0000018bcc7b0000 DEOPT PACKING pc=0x0000018bb94fc1c8 sp=0x0000005f4c5fdd90
Event: 22.957 Thread 0x0000018bcc7b0000 DEOPT UNPACKING pc=0x0000018bb14ea1af sp=0x0000005f4c5fdd60 mode 2
Event: 23.085 Thread 0x0000018bcbdba000 Uncommon trap: trap_request=0xffffff4d fr.pc=0x0000018bb95c9450 relative=0x0000000000007af0
Event: 23.085 Thread 0x0000018bcbdba000 Uncommon trap: reason=unstable_if action=reinterpret pc=0x0000018bb95c9450 method=org.objectweb.asm.ClassReader.accept(Lorg/objectweb/asm/ClassVisitor;[Lorg/objectweb/asm/Attribute;I)V @ 422 c2
Event: 23.086 Thread 0x0000018bcbdba000 DEOPT PACKING pc=0x0000018bb95c9450 sp=0x0000005f4befe130
Event: 23.086 Thread 0x0000018bcbdba000 DEOPT UNPACKING pc=0x0000018bb14ea1af sp=0x0000005f4befe0f8 mode 2
Event: 23.086 Thread 0x0000018bcbdba000 Uncommon trap: trap_request=0xffffff4d fr.pc=0x0000018bb95aa3c0 relative=0x0000000000002960
Event: 23.086 Thread 0x0000018bcbdba000 Uncommon trap: reason=unstable_if action=reinterpret pc=0x0000018bb95aa3c0 method=org.objectweb.asm.ClassWriter.toByteArray()[B @ 161 c2
Event: 23.086 Thread 0x0000018bcbdba000 DEOPT PACKING pc=0x0000018bb95aa3c0 sp=0x0000005f4befe1d0
Event: 23.086 Thread 0x0000018bcbdba000 DEOPT UNPACKING pc=0x0000018bb14ea1af sp=0x0000005f4befe180 mode 2
Event: 23.191 Thread 0x0000018bcbdba000 Uncommon trap: trap_request=0xffffff4d fr.pc=0x0000018bb95162b8 relative=0x0000000000000838
Event: 23.191 Thread 0x0000018bcbdba000 Uncommon trap: reason=unstable_if action=reinterpret pc=0x0000018bb95162b8 method=org.gradle.internal.classpath.InstrumentingTransformer$InstrumentingVisitor.visitMethod(ILjava/lang/String;Ljava/lang/String;Ljava/lang/String;[Ljava/lang/String;)Lorg/objec
Event: 23.191 Thread 0x0000018bcbdba000 DEOPT PACKING pc=0x0000018bb95162b8 sp=0x0000005f4befde80
Event: 23.191 Thread 0x0000018bcbdba000 DEOPT UNPACKING pc=0x0000018bb14ea1af sp=0x0000005f4befde48 mode 2

Classes redefined (0 events):
No events

Internal exceptions (20 events):
Event: 21.005 Thread 0x0000018bcc7b9000 Exception <a 'sun/nio/fs/WindowsException'{0x000000008a1bb960}> (0x000000008a1bb960) thrown at [./src/hotspot/share/prims/jni.cpp, line 616]
Event: 21.008 Thread 0x0000018bcc7b6000 Exception <a 'sun/nio/fs/WindowsException'{0x0000000089f3bcd0}> (0x0000000089f3bcd0) thrown at [./src/hotspot/share/prims/jni.cpp, line 616]
Event: 21.017 Thread 0x0000018bcbdb6800 Exception <a 'sun/nio/fs/WindowsException'{0x0000000089b24e38}> (0x0000000089b24e38) thrown at [./src/hotspot/share/prims/jni.cpp, line 616]
Event: 21.026 Thread 0x0000018bcc7b6800 Exception <a 'sun/nio/fs/WindowsException'{0x00000000897c1b80}> (0x00000000897c1b80) thrown at [./src/hotspot/share/prims/jni.cpp, line 616]
Event: 21.028 Thread 0x0000018bcc7b6800 Exception <a 'sun/nio/fs/WindowsException'{0x00000000897c1d48}> (0x00000000897c1d48) thrown at [./src/hotspot/share/prims/jni.cpp, line 616]
Event: 21.041 Thread 0x0000018bcc7b9000 Implicit null exception at 0x0000018bb93a4be2 to 0x0000018bb93a4d64
Event: 21.042 Thread 0x0000018bcc7b9000 Implicit null exception at 0x0000018bb9378874 to 0x0000018bb9379a28
Event: 21.045 Thread 0x0000018bcc7b9000 Implicit null exception at 0x0000018bb9435906 to 0x0000018bb943b964
Event: 21.047 Thread 0x0000018bcc7b9000 Implicit null exception at 0x0000018bb940614d to 0x0000018bb94069a0
Event: 21.049 Thread 0x0000018bcc7b0000 Exception <a 'sun/nio/fs/WindowsException'{0x0000000088a48b50}> (0x0000000088a48b50) thrown at [./src/hotspot/share/prims/jni.cpp, line 616]
Event: 21.053 Thread 0x0000018bcbdba000 Exception <a 'sun/nio/fs/WindowsException'{0x0000000088010e30}> (0x0000000088010e30) thrown at [./src/hotspot/share/prims/jni.cpp, line 616]
Event: 21.056 Thread 0x0000018bcc7b2800 Exception <a 'sun/nio/fs/WindowsException'{0x0000000087e92180}> (0x0000000087e92180) thrown at [./src/hotspot/share/prims/jni.cpp, line 616]
Event: 21.061 Thread 0x0000018bcc7b2800 Exception <a 'sun/nio/fs/WindowsException'{0x0000000087e92370}> (0x0000000087e92370) thrown at [./src/hotspot/share/prims/jni.cpp, line 616]
Event: 21.066 Thread 0x0000018bcc7b2000 Exception <a 'sun/nio/fs/WindowsException'{0x0000000087828b88}> (0x0000000087828b88) thrown at [./src/hotspot/share/prims/jni.cpp, line 616]
Event: 21.070 Thread 0x0000018bcc7b2000 Exception <a 'sun/nio/fs/WindowsException'{0x0000000087828d60}> (0x0000000087828d60) thrown at [./src/hotspot/share/prims/jni.cpp, line 616]
Event: 21.083 Thread 0x0000018bcc7b8800 Exception <a 'sun/nio/fs/WindowsException'{0x000000008d8b9080}> (0x000000008d8b9080) thrown at [./src/hotspot/share/prims/jni.cpp, line 616]
Event: 21.136 Thread 0x0000018bcc7b9000 Exception <a 'sun/nio/fs/WindowsException'{0x000000008b65ca88}> (0x000000008b65ca88) thrown at [./src/hotspot/share/prims/jni.cpp, line 616]
Event: 21.138 Thread 0x0000018bcc7b9000 Exception <a 'sun/nio/fs/WindowsException'{0x000000008b6f8cf8}> (0x000000008b6f8cf8) thrown at [./src/hotspot/share/prims/jni.cpp, line 616]
Event: 22.372 Thread 0x0000018bcc7b6000 Exception <a 'sun/nio/fs/WindowsException'{0x000000008a0fbbb8}> (0x000000008a0fbbb8) thrown at [./src/hotspot/share/prims/jni.cpp, line 616]
Event: 22.374 Thread 0x0000018bcc7b6000 Exception <a 'sun/nio/fs/WindowsException'{0x000000008a0fbd40}> (0x000000008a0fbd40) thrown at [./src/hotspot/share/prims/jni.cpp, line 616]

Events (20 events):
Event: 22.632 loading class org/gradle/cache/internal/SimpleStateCache$1 done
Event: 22.641 loading class org/gradle/launcher/daemon/server/DaemonRegistryUnavailableExpirationStrategy$1
Event: 22.641 loading class org/gradle/launcher/daemon/server/DaemonRegistryUnavailableExpirationStrategy$1 done
Event: 22.641 loading class com/google/common/collect/Lists$TransformingSequentialList
Event: 22.641 loading class com/google/common/collect/Lists$TransformingSequentialList done
Event: 22.642 loading class com/google/common/collect/Lists$TransformingSequentialList$1
Event: 22.642 loading class com/google/common/collect/Lists$TransformingSequentialList$1 done
Event: 22.643 loading class com/google/common/collect/TransformedListIterator
Event: 22.643 loading class com/google/common/collect/TransformedListIterator done
Event: 22.644 loading class com/google/common/collect/TransformedIterator
Event: 22.644 loading class com/google/common/collect/TransformedIterator done
Event: 22.855 Executing VM operation: G1CollectForAllocation
Event: 22.866 Executing VM operation: G1CollectForAllocation done
Event: 22.937 Thread 0x0000018bcec71800 Thread exited: 0x0000018bcec71800
Event: 23.104 Executing VM operation: G1CollectForAllocation
Event: 23.117 Executing VM operation: G1CollectForAllocation done
Event: 23.177 Thread 0x0000018bcec6e800 Thread exited: 0x0000018bcec6e800
Event: 23.376 Executing VM operation: G1CollectForAllocation
Event: 23.376 Executing VM operation: G1CollectForAllocation done
Event: 23.376 Executing VM operation: G1CollectForAllocation


Dynamic libraries:
0x00007ff69f860000 - 0x00007ff69f86a000 	C:\Program Files\Android\Android Studio\jre\bin\java.exe
0x00007ffd0fb50000 - 0x00007ffd0fd64000 	C:\WINDOWS\SYSTEM32\ntdll.dll
0x00007ffd07a50000 - 0x00007ffd07a69000 	C:\Program Files\Avast Software\Avast\aswhook.dll
0x00007ffd0ef80000 - 0x00007ffd0f042000 	C:\WINDOWS\System32\KERNEL32.DLL
0x00007ffd0d5c0000 - 0x00007ffd0d95c000 	C:\WINDOWS\System32\KERNELBASE.dll
0x00007ffd0d420000 - 0x00007ffd0d531000 	C:\WINDOWS\System32\ucrtbase.dll
0x00007ffce4ee0000 - 0x00007ffce4ef9000 	C:\Program Files\Android\Android Studio\jre\bin\jli.dll
0x00007ffce4f90000 - 0x00007ffce4fa7000 	C:\Program Files\Android\Android Studio\jre\bin\VCRUNTIME140.dll
0x00007ffd0d960000 - 0x00007ffd0db0b000 	C:\WINDOWS\System32\USER32.dll
0x00007ffd0d2c0000 - 0x00007ffd0d2e6000 	C:\WINDOWS\System32\win32u.dll
0x00007ffcfd130000 - 0x00007ffcfd3be000 	C:\WINDOWS\WinSxS\amd64_microsoft.windows.common-controls_6595b64144ccf1df_6.0.22621.608_none_a9444ca7c10bb01d\COMCTL32.dll
0x00007ffd0eeb0000 - 0x00007ffd0eed9000 	C:\WINDOWS\System32\GDI32.dll
0x00007ffd0f990000 - 0x00007ffd0fa37000 	C:\WINDOWS\System32\msvcrt.dll
0x00007ffd0cf90000 - 0x00007ffd0d0a3000 	C:\WINDOWS\System32\gdi32full.dll
0x00007ffd0d220000 - 0x00007ffd0d2ba000 	C:\WINDOWS\System32\msvcp_win.dll
0x00007ffd0f950000 - 0x00007ffd0f981000 	C:\WINDOWS\System32\IMM32.DLL
0x00007ffc970c0000 - 0x00007ffc9715d000 	C:\Program Files\Android\Android Studio\jre\bin\msvcp140.dll
0x00007ffca3fa0000 - 0x00007ffca4aa2000 	C:\Program Files\Android\Android Studio\jre\bin\server\jvm.dll
0x00007ffd0f1d0000 - 0x00007ffd0f27e000 	C:\WINDOWS\System32\ADVAPI32.dll
0x00007ffd0fa40000 - 0x00007ffd0fae4000 	C:\WINDOWS\System32\sechost.dll
0x00007ffd0f060000 - 0x00007ffd0f177000 	C:\WINDOWS\System32\RPCRT4.dll
0x00007ffd0f050000 - 0x00007ffd0f058000 	C:\WINDOWS\System32\PSAPI.DLL
0x00007ffd068a0000 - 0x00007ffd068d4000 	C:\WINDOWS\SYSTEM32\WINMM.dll
0x00007ffd004c0000 - 0x00007ffd004c9000 	C:\WINDOWS\SYSTEM32\WSOCK32.dll
0x00007ffd0ef00000 - 0x00007ffd0ef71000 	C:\WINDOWS\System32\WS2_32.dll
0x00007ffd06100000 - 0x00007ffd0610a000 	C:\WINDOWS\SYSTEM32\VERSION.dll
0x00007ffd0bfe0000 - 0x00007ffd0bff8000 	C:\WINDOWS\SYSTEM32\kernel.appcore.dll
0x00007ffce7c50000 - 0x00007ffce7c61000 	C:\Program Files\Android\Android Studio\jre\bin\verify.dll
0x00007ffd051c0000 - 0x00007ffd053ee000 	C:\WINDOWS\SYSTEM32\DBGHELP.DLL
0x00007ffd0f4a0000 - 0x00007ffd0f829000 	C:\WINDOWS\System32\combase.dll
0x00007ffd0e8f0000 - 0x00007ffd0e9c7000 	C:\WINDOWS\System32\OLEAUT32.dll
0x00007ffd03550000 - 0x00007ffd03582000 	C:\WINDOWS\SYSTEM32\dbgcore.DLL
0x00007ffd0d540000 - 0x00007ffd0d5bb000 	C:\WINDOWS\System32\bcryptPrimitives.dll
0x00007ffce7c20000 - 0x00007ffce7c49000 	C:\Program Files\Android\Android Studio\jre\bin\java.dll
0x00007ffce8290000 - 0x00007ffce829b000 	C:\Program Files\Android\Android Studio\jre\bin\jimage.dll
0x00007ffcc82e0000 - 0x00007ffcc82f8000 	C:\Program Files\Android\Android Studio\jre\bin\zip.dll
0x00007ffd0e100000 - 0x00007ffd0e8f0000 	C:\WINDOWS\System32\SHELL32.dll
0x00007ffd0afa0000 - 0x00007ffd0b86d000 	C:\WINDOWS\SYSTEM32\windows.storage.dll
0x00007ffd0ae60000 - 0x00007ffd0af9e000 	C:\WINDOWS\SYSTEM32\wintypes.dll
0x00007ffd0db70000 - 0x00007ffd0dc61000 	C:\WINDOWS\System32\SHCORE.dll
0x00007ffd0f3a0000 - 0x00007ffd0f3fe000 	C:\WINDOWS\System32\shlwapi.dll
0x00007ffd0cec0000 - 0x00007ffd0cee1000 	C:\WINDOWS\SYSTEM32\profapi.dll
0x00007ffcc5440000 - 0x00007ffcc545a000 	C:\Program Files\Android\Android Studio\jre\bin\net.dll
0x00007ffd06470000 - 0x00007ffd065a7000 	C:\WINDOWS\SYSTEM32\WINHTTP.dll
0x00007ffd0c450000 - 0x00007ffd0c4b9000 	C:\WINDOWS\system32\mswsock.dll
0x00007ffcc5420000 - 0x00007ffcc5434000 	C:\Program Files\Android\Android Studio\jre\bin\nio.dll
0x00007ffce4fb0000 - 0x00007ffce4fd7000 	C:\Users\Fannana Fahrin\.gradle\native\e1d6ef7f7dcc3fd88c89a11ec53ec762bb8ba0a96d01ffa2cd45eb1d1d8dd5c5\windows-amd64\native-platform.dll
0x00007ffc91250000 - 0x00007ffc91394000 	C:\Users\Fannana Fahrin\.gradle\native\0d407fdbe67a94daf76414ababcb853783967236a71b16ec16e742cd7a986fd3\windows-amd64\native-platform-file-events.dll
0x00007ffcca2f0000 - 0x00007ffcca2fa000 	C:\Program Files\Android\Android Studio\jre\bin\management.dll
0x00007ffcc9900000 - 0x00007ffcc990d000 	C:\Program Files\Android\Android Studio\jre\bin\management_ext.dll
0x00007ffd0c6b0000 - 0x00007ffd0c6cb000 	C:\WINDOWS\SYSTEM32\CRYPTSP.dll
0x00007ffd0bf50000 - 0x00007ffd0bf85000 	C:\WINDOWS\system32\rsaenh.dll
0x00007ffd0c550000 - 0x00007ffd0c578000 	C:\WINDOWS\SYSTEM32\USERENV.dll
0x00007ffd0c870000 - 0x00007ffd0c898000 	C:\WINDOWS\SYSTEM32\bcrypt.dll
0x00007ffd0c6d0000 - 0x00007ffd0c6dc000 	C:\WINDOWS\SYSTEM32\CRYPTBASE.dll
0x00007ffd0bac0000 - 0x00007ffd0baed000 	C:\WINDOWS\SYSTEM32\IPHLPAPI.DLL
0x00007ffd0f400000 - 0x00007ffd0f409000 	C:\WINDOWS\System32\NSI.dll
0x00007ffd06390000 - 0x00007ffd063a9000 	C:\WINDOWS\SYSTEM32\dhcpcsvc6.DLL
0x00007ffd06370000 - 0x00007ffd0638f000 	C:\WINDOWS\SYSTEM32\dhcpcsvc.DLL
0x00007ffd0bb30000 - 0x00007ffd0bc23000 	C:\WINDOWS\SYSTEM32\DNSAPI.dll

dbghelp: loaded successfully - version: 4.0.5 - missing functions: none
symbol engine: initialized successfully - sym options: 0x614 - pdb path: .;C:\Program Files\Android\Android Studio\jre\bin;C:\WINDOWS\SYSTEM32;C:\Program Files\Avast Software\Avast;C:\WINDOWS\WinSxS\amd64_microsoft.windows.common-controls_6595b64144ccf1df_6.0.22621.608_none_a9444ca7c10bb01d;C:\Program Files\Android\Android Studio\jre\bin\server;C:\Users\Fannana Fahrin\.gradle\native\e1d6ef7f7dcc3fd88c89a11ec53ec762bb8ba0a96d01ffa2cd45eb1d1d8dd5c5\windows-amd64;C:\Users\Fannana Fahrin\.gradle\native\0d407fdbe67a94daf76414ababcb853783967236a71b16ec16e742cd7a986fd3\windows-amd64

VM Arguments:
jvm_args: --add-opens=java.base/java.util=ALL-UNNAMED --add-opens=java.base/java.lang=ALL-UNNAMED --add-opens=java.base/java.lang.invoke=ALL-UNNAMED --add-opens=java.base/java.util=ALL-UNNAMED --add-opens=java.prefs/java.util.prefs=ALL-UNNAMED --add-opens=java.prefs/java.util.prefs=ALL-UNNAMED --add-opens=java.base/java.nio.charset=ALL-UNNAMED --add-opens=java.base/java.net=ALL-UNNAMED --add-opens=java.base/java.util.concurrent.atomic=ALL-UNNAMED -Xmx2048m -Dfile.encoding=UTF-8 -Duser.country=US -Duser.language=en -Duser.variant 
java_command: org.gradle.launcher.daemon.bootstrap.GradleDaemon 7.4
java_class_path (initial): C:\Users\Fannana Fahrin\.gradle\wrapper\dists\gradle-7.4-bin\c0gwcg53nkjbqw7r0h0umtfvt\gradle-7.4\lib\gradle-launcher-7.4.jar
Launcher Type: SUN_STANDARD

[Global flags]
     intx CICompilerCount                          = 12                                        {product} {ergonomic}
     uint ConcGCThreads                            = 3                                         {product} {ergonomic}
     uint G1ConcRefinementThreads                  = 13                                        {product} {ergonomic}
   size_t G1HeapRegionSize                         = 1048576                                   {product} {ergonomic}
    uintx GCDrainStackTargetSize                   = 64                                        {product} {ergonomic}
   size_t InitialHeapSize                          = 125829120                                 {product} {ergonomic}
   size_t MarkStackSize                            = 4194304                                   {product} {ergonomic}
   size_t MaxHeapSize                              = 2147483648                                {product} {command line}
   size_t MaxNewSize                               = 1287651328                                {product} {ergonomic}
   size_t MinHeapDeltaBytes                        = 1048576                                   {product} {ergonomic}
    uintx NonNMethodCodeHeapSize                   = 7594288                                {pd product} {ergonomic}
    uintx NonProfiledCodeHeapSize                  = 122031976                              {pd product} {ergonomic}
    uintx ProfiledCodeHeapSize                     = 122031976                              {pd product} {ergonomic}
    uintx ReservedCodeCacheSize                    = 251658240                              {pd product} {ergonomic}
     bool SegmentedCodeCache                       = true                                      {product} {ergonomic}
     bool UseCompressedClassPointers               = true                                 {lp64_product} {ergonomic}
     bool UseCompressedOops                        = true                                 {lp64_product} {ergonomic}
     bool UseG1GC                                  = true                                      {product} {ergonomic}
     bool UseLargePagesIndividualAllocation        = false                                  {pd product} {ergonomic}

Logging:
Log output configuration:
 #0: stdout all=warning uptime,level,tags
 #1: stderr all=off uptime,level,tags

Environment Variables:
PATH=C:\Program Files (x86)\Common Files\Oracle\Java\javapath;C:\Program Files\Common Files\Oracle\Java\javapath;C:\Windows\system32;C:\Windows;C:\Windows\System32\Wbem;C:\Windows\System32\WindowsPowerShell\v1.0\;C:\Windows\System32\OpenSSH\;C:\Program Files (x86)\NVIDIA Corporation\PhysX\Common;C:\Program Files\dotnet\;C:\WINDOWS\system32;C:\WINDOWS;C:\WINDOWS\System32\Wbem;C:\WINDOWS\System32\WindowsPowerShell\v1.0\;C:\WINDOWS\System32\OpenSSH\;C:\Users\Fannana Fahrin\AppData\Local\Microsoft\WindowsApps;
USERNAME=Fannana Fahrin
OS=Windows_NT
PROCESSOR_IDENTIFIER=AMD64 Family 23 Model 96 Stepping 1, AuthenticAMD



---------------  S Y S T E M  ---------------

OS: Windows 11 , 64 bit Build 22621 (10.0.22621.1485)
OS uptime: 0 days 0:02 hours

CPU:total 16 (initial active 16) (16 cores per cpu, 2 threads per core) family 23 model 96 stepping 1 microcode 0x0, cmov, cx8, fxsr, mmx, sse, sse2, sse3, ssse3, sse4.1, sse4.2, popcnt, avx, avx2, aes, clmul, mmxext, 3dnowpref, lzcnt, sse4a, ht, tsc, tscinvbit, tscinv, bmi1, bmi2, adx, sha, fma

Memory: 4k page, system-wide physical 7597M (1623M free)
TotalPageFile size 14829M (AvailPageFile size 7690M)
current process WorkingSet (physical memory assigned to process): 563M, peak: 564M
current process commit charge ("private bytes"): 611M, peak: 613M

vm_info: OpenJDK 64-Bit Server VM (11.0.13+0-b1751.21-8125866) for windows-amd64 JRE (11.0.13+0-b1751.21-8125866), built on Feb  2 2022 03:00:22 by "builder" with MS VC++ 14.0 (VS2015)

END.
